{"D:\\Cmd\\BitBucket\\diploma\\packages\\bachelor-frontend\\src\\components\\Auth\\Auth.jsx": {"path":"D:\\Cmd\\BitBucket\\diploma\\packages\\bachelor-frontend\\src\\components\\Auth\\Auth.jsx","statementMap":{"0":{"start":{"line":4,"column":27},"end":{"line":4,"column":50}},"1":{"start":{"line":6,"column":27},"end":{"line":14,"column":1}},"2":{"start":{"line":17,"column":20},"end":{"line":17,"column":39}},"3":{"start":{"line":18,"column":17},"end":{"line":18,"column":64}},"4":{"start":{"line":19,"column":22},"end":{"line":26,"column":3}},"5":{"start":{"line":23,"column":8},"end":{"line":23,"column":67}},"6":{"start":{"line":27,"column":2},"end":{"line":27,"column":33}},"7":{"start":{"line":31,"column":2},"end":{"line":31,"column":44}},"8":{"start":{"line":31,"column":32},"end":{"line":31,"column":44}},"9":{"start":{"line":32,"column":2},"end":{"line":32,"column":42}},"10":{"start":{"line":36,"column":2},"end":{"line":36,"column":28}},"11":{"start":{"line":36,"column":16},"end":{"line":36,"column":28}},"12":{"start":{"line":38,"column":21},"end":{"line":38,"column":60}},"13":{"start":{"line":39,"column":20},"end":{"line":39,"column":44}},"14":{"start":{"line":39,"column":30},"end":{"line":39,"column":44}},"15":{"start":{"line":40,"column":2},"end":{"line":40,"column":36}},"16":{"start":{"line":45,"column":17},"end":{"line":45,"column":53}},"17":{"start":{"line":46,"column":17},"end":{"line":46,"column":25}},"18":{"start":{"line":47,"column":2},"end":{"line":49,"column":3}},"19":{"start":{"line":48,"column":4},"end":{"line":48,"column":44}},"20":{"start":{"line":51,"column":20},"end":{"line":51,"column":77}},"21":{"start":{"line":52,"column":2},"end":{"line":54,"column":3}},"22":{"start":{"line":53,"column":4},"end":{"line":53,"column":47}},"23":{"start":{"line":56,"column":2},"end":{"line":76,"column":3}},"24":{"start":{"line":57,"column":20},"end":{"line":57,"column":36}},"25":{"start":{"line":58,"column":4},"end":{"line":60,"column":5}},"26":{"start":{"line":59,"column":6},"end":{"line":59,"column":52}},"27":{"start":{"line":62,"column":4},"end":{"line":64,"column":5}},"28":{"start":{"line":63,"column":6},"end":{"line":63,"column":46}},"29":{"start":{"line":66,"column":4},"end":{"line":68,"column":5}},"30":{"start":{"line":67,"column":6},"end":{"line":67,"column":46}},"31":{"start":{"line":70,"column":16},"end":{"line":70,"column":49}},"32":{"start":{"line":72,"column":4},"end":{"line":72,"column":61}},"33":{"start":{"line":75,"column":4},"end":{"line":75,"column":46}},"34":{"start":{"line":85,"column":6},"end":{"line":85,"column":17}},"35":{"start":{"line":86,"column":48},"end":{"line":88,"column":3}},"36":{"start":{"line":89,"column":24},"end":{"line":89,"column":44}},"37":{"start":{"line":90,"column":30},"end":{"line":90,"column":53}},"38":{"start":{"line":91,"column":26},"end":{"line":91,"column":47}},"39":{"start":{"line":93,"column":16},"end":{"line":115,"column":3}},"40":{"start":{"line":94,"column":4},"end":{"line":94,"column":59}},"41":{"start":{"line":102,"column":8},"end":{"line":102,"column":19}},"42":{"start":{"line":104,"column":4},"end":{"line":111,"column":5}},"43":{"start":{"line":105,"column":6},"end":{"line":105,"column":25}},"44":{"start":{"line":106,"column":6},"end":{"line":106,"column":31}},"45":{"start":{"line":107,"column":6},"end":{"line":107,"column":48}},"46":{"start":{"line":108,"column":6},"end":{"line":108,"column":31}},"47":{"start":{"line":110,"column":6},"end":{"line":110,"column":32}},"48":{"start":{"line":113,"column":4},"end":{"line":113,"column":25}},"49":{"start":{"line":114,"column":4},"end":{"line":114,"column":23}},"50":{"start":{"line":117,"column":17},"end":{"line":128,"column":3}},"51":{"start":{"line":119,"column":4},"end":{"line":119,"column":47}},"52":{"start":{"line":120,"column":4},"end":{"line":120,"column":44}},"53":{"start":{"line":121,"column":4},"end":{"line":121,"column":53}},"54":{"start":{"line":122,"column":4},"end":{"line":122,"column":50}},"55":{"start":{"line":123,"column":4},"end":{"line":123,"column":44}},"56":{"start":{"line":124,"column":4},"end":{"line":124,"column":46}},"57":{"start":{"line":125,"column":4},"end":{"line":125,"column":30}},"58":{"start":{"line":126,"column":4},"end":{"line":126,"column":30}},"59":{"start":{"line":127,"column":4},"end":{"line":127,"column":18}},"60":{"start":{"line":130,"column":2},"end":{"line":136,"column":4}},"61":{"start":{"line":139,"column":0},"end":{"line":141,"column":2}}},"fnMap":{"0":{"name":"parseJwt","decl":{"start":{"line":16,"column":9},"end":{"line":16,"column":17}},"loc":{"start":{"line":16,"column":25},"end":{"line":28,"column":1}},"line":16},"1":{"name":"(anonymous_1)","decl":{"start":{"line":22,"column":11},"end":{"line":22,"column":12}},"loc":{"start":{"line":22,"column":18},"end":{"line":24,"column":7}},"line":22},"2":{"name":"isTokenExpired","decl":{"start":{"line":30,"column":16},"end":{"line":30,"column":30}},"loc":{"start":{"line":30,"column":40},"end":{"line":33,"column":1}},"line":30},"3":{"name":"isTokenMissingProperties","decl":{"start":{"line":35,"column":16},"end":{"line":35,"column":40}},"loc":{"start":{"line":35,"column":50},"end":{"line":41,"column":1}},"line":35},"4":{"name":"(anonymous_4)","decl":{"start":{"line":39,"column":20},"end":{"line":39,"column":21}},"loc":{"start":{"line":39,"column":30},"end":{"line":39,"column":44}},"line":39},"5":{"name":"checkAuth","decl":{"start":{"line":44,"column":9},"end":{"line":44,"column":18}},"loc":{"start":{"line":44,"column":21},"end":{"line":77,"column":1}},"line":44},"6":{"name":"Auth","decl":{"start":{"line":79,"column":24},"end":{"line":79,"column":28}},"loc":{"start":{"line":79,"column":43},"end":{"line":137,"column":1}},"line":79},"7":{"name":"(anonymous_7)","decl":{"start":{"line":93,"column":16},"end":{"line":93,"column":17}},"loc":{"start":{"line":93,"column":22},"end":{"line":115,"column":3}},"line":93},"8":{"name":"(anonymous_8)","decl":{"start":{"line":117,"column":17},"end":{"line":117,"column":18}},"loc":{"start":{"line":117,"column":23},"end":{"line":128,"column":3}},"line":117}},"branchMap":{"0":{"loc":{"start":{"line":31,"column":2},"end":{"line":31,"column":44}},"type":"if","locations":[{"start":{"line":31,"column":2},"end":{"line":31,"column":44}},{"start":{"line":31,"column":2},"end":{"line":31,"column":44}}],"line":31},"1":{"loc":{"start":{"line":31,"column":6},"end":{"line":31,"column":30}},"type":"binary-expr","locations":[{"start":{"line":31,"column":6},"end":{"line":31,"column":14}},{"start":{"line":31,"column":18},"end":{"line":31,"column":30}}],"line":31},"2":{"loc":{"start":{"line":36,"column":2},"end":{"line":36,"column":28}},"type":"if","locations":[{"start":{"line":36,"column":2},"end":{"line":36,"column":28}},{"start":{"line":36,"column":2},"end":{"line":36,"column":28}}],"line":36},"3":{"loc":{"start":{"line":47,"column":2},"end":{"line":49,"column":3}},"type":"if","locations":[{"start":{"line":47,"column":2},"end":{"line":49,"column":3}},{"start":{"line":47,"column":2},"end":{"line":49,"column":3}}],"line":47},"4":{"loc":{"start":{"line":52,"column":2},"end":{"line":54,"column":3}},"type":"if","locations":[{"start":{"line":52,"column":2},"end":{"line":54,"column":3}},{"start":{"line":52,"column":2},"end":{"line":54,"column":3}}],"line":52},"5":{"loc":{"start":{"line":58,"column":4},"end":{"line":60,"column":5}},"type":"if","locations":[{"start":{"line":58,"column":4},"end":{"line":60,"column":5}},{"start":{"line":58,"column":4},"end":{"line":60,"column":5}}],"line":58},"6":{"loc":{"start":{"line":62,"column":4},"end":{"line":64,"column":5}},"type":"if","locations":[{"start":{"line":62,"column":4},"end":{"line":64,"column":5}},{"start":{"line":62,"column":4},"end":{"line":64,"column":5}}],"line":62},"7":{"loc":{"start":{"line":66,"column":4},"end":{"line":68,"column":5}},"type":"if","locations":[{"start":{"line":66,"column":4},"end":{"line":68,"column":5}},{"start":{"line":66,"column":4},"end":{"line":68,"column":5}}],"line":66},"8":{"loc":{"start":{"line":66,"column":8},"end":{"line":66,"column":48}},"type":"binary-expr","locations":[{"start":{"line":66,"column":8},"end":{"line":66,"column":24}},{"start":{"line":66,"column":28},"end":{"line":66,"column":48}}],"line":66},"9":{"loc":{"start":{"line":83,"column":4},"end":{"line":83,"column":19}},"type":"default-arg","locations":[{"start":{"line":83,"column":17},"end":{"line":83,"column":19}}],"line":83},"10":{"loc":{"start":{"line":84,"column":4},"end":{"line":84,"column":22}},"type":"default-arg","locations":[{"start":{"line":84,"column":20},"end":{"line":84,"column":22}}],"line":84},"11":{"loc":{"start":{"line":99,"column":6},"end":{"line":99,"column":21}},"type":"default-arg","locations":[{"start":{"line":99,"column":19},"end":{"line":99,"column":21}}],"line":99},"12":{"loc":{"start":{"line":100,"column":6},"end":{"line":100,"column":24}},"type":"default-arg","locations":[{"start":{"line":100,"column":22},"end":{"line":100,"column":24}}],"line":100},"13":{"loc":{"start":{"line":101,"column":6},"end":{"line":101,"column":14}},"type":"default-arg","locations":[{"start":{"line":101,"column":12},"end":{"line":101,"column":14}}],"line":101},"14":{"loc":{"start":{"line":104,"column":4},"end":{"line":111,"column":5}},"type":"if","locations":[{"start":{"line":104,"column":4},"end":{"line":111,"column":5}},{"start":{"line":104,"column":4},"end":{"line":111,"column":5}}],"line":104}},"s":{"0":4,"1":4,"2":10,"3":10,"4":8,"5":756,"6":8,"7":15,"8":7,"9":8,"10":10,"11":1,"12":9,"13":9,"14":45,"15":9,"16":22,"17":22,"18":22,"19":12,"20":10,"21":10,"22":0,"23":10,"24":10,"25":8,"26":2,"27":6,"28":2,"29":4,"30":0,"31":4,"32":4,"33":2,"34":17,"35":17,"36":17,"37":17,"38":17,"39":17,"40":5,"41":5,"42":5,"43":1,"44":1,"45":1,"46":1,"47":4,"48":5,"49":5,"50":17,"51":1,"52":1,"53":1,"54":1,"55":1,"56":1,"57":1,"58":1,"59":1,"60":17,"61":4},"f":{"0":10,"1":756,"2":15,"3":10,"4":45,"5":22,"6":17,"7":5,"8":1},"b":{"0":[7,8],"1":[15,12],"2":[1,9],"3":[12,10],"4":[0,10],"5":[2,6],"6":[2,4],"7":[0,4],"8":[4,4],"9":[14],"10":[14],"11":[4],"12":[4],"13":[4],"14":[1,4]},"_coverageSchema":"43e27e138ebf9cfc5966b082cf9a028302ed4184","hash":"8e90bdfeb293c154d09d9009c4fe9cb5c468ab41"}
,"D:\\Cmd\\BitBucket\\diploma\\packages\\bachelor-frontend\\src\\components\\Footer\\Footer.jsx": {"path":"D:\\Cmd\\BitBucket\\diploma\\packages\\bachelor-frontend\\src\\components\\Footer\\Footer.jsx","statementMap":{"0":{"start":{"line":6,"column":2},"end":{"line":112,"column":4}}},"fnMap":{"0":{"name":"Footer","decl":{"start":{"line":5,"column":16},"end":{"line":5,"column":22}},"loc":{"start":{"line":5,"column":25},"end":{"line":113,"column":1}},"line":5}},"branchMap":{},"s":{"0":0},"f":{"0":0},"b":{},"_coverageSchema":"43e27e138ebf9cfc5966b082cf9a028302ed4184","hash":"40652698dcb369837de651b795a9bd40fa06b9e6"}
,"D:\\Cmd\\BitBucket\\diploma\\packages\\bachelor-frontend\\src\\components\\Header\\Header.jsx": {"path":"D:\\Cmd\\BitBucket\\diploma\\packages\\bachelor-frontend\\src\\components\\Header\\Header.jsx","statementMap":{"0":{"start":{"line":9,"column":19},"end":{"line":9,"column":31}},"1":{"start":{"line":10,"column":42},"end":{"line":10,"column":57}},"2":{"start":{"line":11,"column":30},"end":{"line":11,"column":53}},"3":{"start":{"line":12,"column":19},"end":{"line":12,"column":32}},"4":{"start":{"line":14,"column":2},"end":{"line":16,"column":26}},"5":{"start":{"line":15,"column":4},"end":{"line":15,"column":27}},"6":{"start":{"line":18,"column":25},"end":{"line":21,"column":3}},"7":{"start":{"line":19,"column":4},"end":{"line":19,"column":23}},"8":{"start":{"line":20,"column":4},"end":{"line":20,"column":35}},"9":{"start":{"line":23,"column":2},"end":{"line":126,"column":4}}},"fnMap":{"0":{"name":"Header","decl":{"start":{"line":8,"column":16},"end":{"line":8,"column":22}},"loc":{"start":{"line":8,"column":25},"end":{"line":127,"column":1}},"line":8},"1":{"name":"(anonymous_1)","decl":{"start":{"line":14,"column":12},"end":{"line":14,"column":13}},"loc":{"start":{"line":14,"column":18},"end":{"line":16,"column":3}},"line":14},"2":{"name":"(anonymous_2)","decl":{"start":{"line":18,"column":25},"end":{"line":18,"column":26}},"loc":{"start":{"line":18,"column":32},"end":{"line":21,"column":3}},"line":18}},"branchMap":{"0":{"loc":{"start":{"line":45,"column":17},"end":{"line":107,"column":17}},"type":"cond-expr","locations":[{"start":{"line":46,"column":18},"end":{"line":92,"column":21}},{"start":{"line":94,"column":18},"end":{"line":106,"column":25}}],"line":45},"1":{"loc":{"start":{"line":54,"column":29},"end":{"line":54,"column":78}},"type":"cond-expr","locations":[{"start":{"line":54,"column":44},"end":{"line":54,"column":46}},{"start":{"line":54,"column":49},"end":{"line":54,"column":78}}],"line":54}},"s":{"0":0,"1":0,"2":0,"3":0,"4":0,"5":0,"6":0,"7":0,"8":0,"9":0},"f":{"0":0,"1":0,"2":0},"b":{"0":[0,0],"1":[0,0]},"_coverageSchema":"43e27e138ebf9cfc5966b082cf9a028302ed4184","hash":"9a40523c2aeb58b1ec06f8698040b88e93f59d41"}
,"D:\\Cmd\\BitBucket\\diploma\\packages\\bachelor-frontend\\src\\components\\Layout\\Layout.jsx": {"path":"D:\\Cmd\\BitBucket\\diploma\\packages\\bachelor-frontend\\src\\components\\Layout\\Layout.jsx","statementMap":{"0":{"start":{"line":9,"column":2},"end":{"line":20,"column":4}},"1":{"start":{"line":23,"column":0},"end":{"line":25,"column":2}}},"fnMap":{"0":{"name":"Layout","decl":{"start":{"line":8,"column":16},"end":{"line":8,"column":22}},"loc":{"start":{"line":8,"column":37},"end":{"line":21,"column":1}},"line":8}},"branchMap":{},"s":{"0":0,"1":0},"f":{"0":0},"b":{},"_coverageSchema":"43e27e138ebf9cfc5966b082cf9a028302ed4184","hash":"ddc98086a4b32b3d7b58b7272b6dfd5655295c71"}
,"D:\\Cmd\\BitBucket\\diploma\\packages\\bachelor-frontend\\src\\components\\Page\\Page.jsx": {"path":"D:\\Cmd\\BitBucket\\diploma\\packages\\bachelor-frontend\\src\\components\\Page\\Page.jsx","statementMap":{"0":{"start":{"line":5,"column":2},"end":{"line":5,"column":72}},"1":{"start":{"line":8,"column":0},"end":{"line":10,"column":2}}},"fnMap":{"0":{"name":"Page","decl":{"start":{"line":4,"column":16},"end":{"line":4,"column":20}},"loc":{"start":{"line":4,"column":35},"end":{"line":6,"column":1}},"line":4}},"branchMap":{},"s":{"0":0,"1":0},"f":{"0":0},"b":{},"hash":"fb7d538197fa9f5d48bfefb59924594d6844a95b"}
,"D:\\Cmd\\BitBucket\\diploma\\packages\\bachelor-frontend\\src\\components\\PrivateRoute\\PrivateRoute.jsx": {"path":"D:\\Cmd\\BitBucket\\diploma\\packages\\bachelor-frontend\\src\\components\\PrivateRoute\\PrivateRoute.jsx","statementMap":{"0":{"start":{"line":8,"column":30},"end":{"line":8,"column":53}},"1":{"start":{"line":9,"column":2},"end":{"line":22,"column":4}},"2":{"start":{"line":13,"column":8},"end":{"line":19,"column":9}},"3":{"start":{"line":25,"column":0},"end":{"line":28,"column":2}},"4":{"start":{"line":30,"column":0},"end":{"line":32,"column":2}}},"fnMap":{"0":{"name":"PrivateRoute","decl":{"start":{"line":7,"column":9},"end":{"line":7,"column":21}},"loc":{"start":{"line":7,"column":57},"end":{"line":23,"column":1}},"line":7},"1":{"name":"(anonymous_1)","decl":{"start":{"line":12,"column":14},"end":{"line":12,"column":15}},"loc":{"start":{"line":13,"column":8},"end":{"line":19,"column":9}},"line":13}},"branchMap":{"0":{"loc":{"start":{"line":13,"column":8},"end":{"line":19,"column":9}},"type":"cond-expr","locations":[{"start":{"line":14,"column":10},"end":{"line":14,"column":34}},{"start":{"line":16,"column":10},"end":{"line":18,"column":12}}],"line":13}},"s":{"0":3,"1":3,"2":3,"3":1,"4":1},"f":{"0":3,"1":3},"b":{"0":[1,2]},"_coverageSchema":"43e27e138ebf9cfc5966b082cf9a028302ed4184","hash":"a3527012261d4c31bee9b0da63282ec7a73f44e9"}
,"D:\\Cmd\\BitBucket\\diploma\\packages\\bachelor-frontend\\src\\components\\ScrollToTop\\ScrollToTop.jsx": {"path":"D:\\Cmd\\BitBucket\\diploma\\packages\\bachelor-frontend\\src\\components\\ScrollToTop\\ScrollToTop.jsx","statementMap":{"0":{"start":{"line":5,"column":23},"end":{"line":5,"column":36}},"1":{"start":{"line":7,"column":2},"end":{"line":9,"column":17}},"2":{"start":{"line":8,"column":4},"end":{"line":8,"column":26}},"3":{"start":{"line":11,"column":2},"end":{"line":11,"column":14}}},"fnMap":{"0":{"name":"ScrollToTop","decl":{"start":{"line":4,"column":24},"end":{"line":4,"column":35}},"loc":{"start":{"line":4,"column":38},"end":{"line":12,"column":1}},"line":4},"1":{"name":"(anonymous_1)","decl":{"start":{"line":7,"column":12},"end":{"line":7,"column":13}},"loc":{"start":{"line":7,"column":18},"end":{"line":9,"column":3}},"line":7}},"branchMap":{},"s":{"0":0,"1":0,"2":0,"3":0},"f":{"0":0,"1":0},"b":{},"hash":"44b80f6314ab49c62337910f9a4e9f5b5214a275"}
,"D:\\Cmd\\BitBucket\\diploma\\packages\\bachelor-frontend\\src\\components\\Typography\\Typography.jsx": {"path":"D:\\Cmd\\BitBucket\\diploma\\packages\\bachelor-frontend\\src\\components\\Typography\\Typography.jsx","statementMap":{"0":{"start":{"line":6,"column":2},"end":{"line":10,"column":4}},"1":{"start":{"line":13,"column":0},"end":{"line":15,"column":2}},"2":{"start":{"line":18,"column":2},"end":{"line":22,"column":4}},"3":{"start":{"line":25,"column":0},"end":{"line":27,"column":2}},"4":{"start":{"line":30,"column":2},"end":{"line":34,"column":4}},"5":{"start":{"line":37,"column":0},"end":{"line":39,"column":2}},"6":{"start":{"line":42,"column":2},"end":{"line":46,"column":4}},"7":{"start":{"line":49,"column":0},"end":{"line":51,"column":2}}},"fnMap":{"0":{"name":"H2","decl":{"start":{"line":5,"column":16},"end":{"line":5,"column":18}},"loc":{"start":{"line":5,"column":43},"end":{"line":11,"column":1}},"line":5},"1":{"name":"P","decl":{"start":{"line":17,"column":16},"end":{"line":17,"column":17}},"loc":{"start":{"line":17,"column":42},"end":{"line":23,"column":1}},"line":17},"2":{"name":"UL","decl":{"start":{"line":29,"column":16},"end":{"line":29,"column":18}},"loc":{"start":{"line":29,"column":43},"end":{"line":35,"column":1}},"line":29},"3":{"name":"LI","decl":{"start":{"line":41,"column":16},"end":{"line":41,"column":18}},"loc":{"start":{"line":41,"column":43},"end":{"line":47,"column":1}},"line":41}},"branchMap":{},"s":{"0":0,"1":1,"2":1,"3":1,"4":0,"5":1,"6":0,"7":1},"f":{"0":0,"1":1,"2":0,"3":0},"b":{},"_coverageSchema":"43e27e138ebf9cfc5966b082cf9a028302ed4184","hash":"4effe75d773e282cadf9d1fe1ec72d3a3b0a9a2c"}
,"D:\\Cmd\\BitBucket\\diploma\\packages\\bachelor-frontend\\src\\pages\\App.jsx": {"path":"D:\\Cmd\\BitBucket\\diploma\\packages\\bachelor-frontend\\src\\pages\\App.jsx","statementMap":{"0":{"start":{"line":19,"column":17},"end":{"line":21,"column":14}},"1":{"start":{"line":24,"column":2},"end":{"line":44,"column":4}}},"fnMap":{"0":{"name":"App","decl":{"start":{"line":23,"column":9},"end":{"line":23,"column":12}},"loc":{"start":{"line":23,"column":15},"end":{"line":45,"column":1}},"line":23}},"branchMap":{"0":{"loc":{"start":{"line":19,"column":17},"end":{"line":21,"column":14}},"type":"cond-expr","locations":[{"start":{"line":20,"column":4},"end":{"line":20,"column":32}},{"start":{"line":21,"column":4},"end":{"line":21,"column":14}}],"line":19}},"s":{"0":0,"1":0},"f":{"0":0},"b":{"0":[0,0]},"_coverageSchema":"43e27e138ebf9cfc5966b082cf9a028302ed4184","hash":"f93d6f3f4ee77a5cb7ae1baeb89520911a8871ee"}
,"D:\\Cmd\\BitBucket\\diploma\\packages\\bachelor-frontend\\src\\pages\\Homepage\\Homepage.jsx": {"path":"D:\\Cmd\\BitBucket\\diploma\\packages\\bachelor-frontend\\src\\pages\\Homepage\\Homepage.jsx","statementMap":{"0":{"start":{"line":8,"column":30},"end":{"line":8,"column":53}},"1":{"start":{"line":10,"column":2},"end":{"line":108,"column":4}},"2":{"start":{"line":29,"column":8},"end":{"line":51,"column":9}},"3":{"start":{"line":30,"column":10},"end":{"line":50,"column":12}},"4":{"start":{"line":53,"column":8},"end":{"line":72,"column":9}},"5":{"start":{"line":54,"column":10},"end":{"line":71,"column":12}},"6":{"start":{"line":74,"column":8},"end":{"line":92,"column":9}},"7":{"start":{"line":75,"column":10},"end":{"line":91,"column":12}},"8":{"start":{"line":94,"column":8},"end":{"line":105,"column":10}}},"fnMap":{"0":{"name":"Homepage","decl":{"start":{"line":7,"column":9},"end":{"line":7,"column":17}},"loc":{"start":{"line":7,"column":20},"end":{"line":109,"column":1}},"line":7},"1":{"name":"(anonymous_1)","decl":{"start":{"line":28,"column":8},"end":{"line":28,"column":9}},"loc":{"start":{"line":28,"column":14},"end":{"line":106,"column":7}},"line":28}},"branchMap":{"0":{"loc":{"start":{"line":29,"column":8},"end":{"line":51,"column":9}},"type":"if","locations":[{"start":{"line":29,"column":8},"end":{"line":51,"column":9}},{"start":{"line":29,"column":8},"end":{"line":51,"column":9}}],"line":29},"1":{"loc":{"start":{"line":53,"column":8},"end":{"line":72,"column":9}},"type":"if","locations":[{"start":{"line":53,"column":8},"end":{"line":72,"column":9}},{"start":{"line":53,"column":8},"end":{"line":72,"column":9}}],"line":53},"2":{"loc":{"start":{"line":74,"column":8},"end":{"line":92,"column":9}},"type":"if","locations":[{"start":{"line":74,"column":8},"end":{"line":92,"column":9}},{"start":{"line":74,"column":8},"end":{"line":92,"column":9}}],"line":74}},"s":{"0":0,"1":0,"2":0,"3":0,"4":0,"5":0,"6":0,"7":0,"8":0},"f":{"0":0,"1":0},"b":{"0":[0,0],"1":[0,0],"2":[0,0]},"hash":"f26fe9f97c9e4a62e695e392226d0e40deace260"}
,"D:\\Cmd\\BitBucket\\diploma\\packages\\bachelor-frontend\\src\\pages\\IssueVA\\IssueVA.jsx": {"path":"D:\\Cmd\\BitBucket\\diploma\\packages\\bachelor-frontend\\src\\pages\\IssueVA\\IssueVA.jsx","statementMap":{"0":{"start":{"line":10,"column":23},"end":{"line":15,"column":1}},"1":{"start":{"line":18,"column":44},"end":{"line":22,"column":3}},"2":{"start":{"line":24,"column":21},"end":{"line":24,"column":44}},"3":{"start":{"line":26,"column":2},"end":{"line":50,"column":3}},"4":{"start":{"line":27,"column":4},"end":{"line":49,"column":6}},"5":{"start":{"line":52,"column":20},"end":{"line":86,"column":3}},"6":{"start":{"line":53,"column":24},"end":{"line":53,"column":69}},"7":{"start":{"line":55,"column":27},"end":{"line":55,"column":40}},"8":{"start":{"line":56,"column":4},"end":{"line":56,"column":62}},"9":{"start":{"line":57,"column":4},"end":{"line":57,"column":63}},"10":{"start":{"line":59,"column":27},"end":{"line":63,"column":5}},"11":{"start":{"line":65,"column":4},"end":{"line":65,"column":45}},"12":{"start":{"line":67,"column":4},"end":{"line":85,"column":9}},"13":{"start":{"line":72,"column":8},"end":{"line":78,"column":9}},"14":{"start":{"line":73,"column":10},"end":{"line":77,"column":12}},"15":{"start":{"line":80,"column":8},"end":{"line":80,"column":58}},"16":{"start":{"line":81,"column":8},"end":{"line":81,"column":51}},"17":{"start":{"line":84,"column":8},"end":{"line":84,"column":48}},"18":{"start":{"line":88,"column":2},"end":{"line":135,"column":4}}},"fnMap":{"0":{"name":"IssueVA","decl":{"start":{"line":17,"column":9},"end":{"line":17,"column":16}},"loc":{"start":{"line":17,"column":19},"end":{"line":136,"column":1}},"line":17},"1":{"name":"(anonymous_1)","decl":{"start":{"line":52,"column":20},"end":{"line":52,"column":21}},"loc":{"start":{"line":52,"column":26},"end":{"line":86,"column":3}},"line":52},"2":{"name":"(anonymous_2)","decl":{"start":{"line":71,"column":12},"end":{"line":71,"column":13}},"loc":{"start":{"line":71,"column":26},"end":{"line":82,"column":7}},"line":71},"3":{"name":"(anonymous_3)","decl":{"start":{"line":83,"column":13},"end":{"line":83,"column":14}},"loc":{"start":{"line":83,"column":19},"end":{"line":85,"column":7}},"line":83}},"branchMap":{"0":{"loc":{"start":{"line":19,"column":4},"end":{"line":21,"column":31}},"type":"cond-expr","locations":[{"start":{"line":20,"column":8},"end":{"line":20,"column":25}},{"start":{"line":21,"column":8},"end":{"line":21,"column":31}}],"line":19},"1":{"loc":{"start":{"line":26,"column":2},"end":{"line":50,"column":3}},"type":"if","locations":[{"start":{"line":26,"column":2},"end":{"line":50,"column":3}},{"start":{"line":26,"column":2},"end":{"line":50,"column":3}}],"line":26},"2":{"loc":{"start":{"line":72,"column":8},"end":{"line":78,"column":9}},"type":"if","locations":[{"start":{"line":72,"column":8},"end":{"line":78,"column":9}},{"start":{"line":72,"column":8},"end":{"line":78,"column":9}}],"line":72},"3":{"loc":{"start":{"line":105,"column":9},"end":{"line":109,"column":9}},"type":"cond-expr","locations":[{"start":{"line":106,"column":10},"end":{"line":106,"column":33}},{"start":{"line":108,"column":10},"end":{"line":108,"column":67}}],"line":105},"4":{"loc":{"start":{"line":111,"column":7},"end":{"line":133,"column":7}},"type":"binary-expr","locations":[{"start":{"line":111,"column":7},"end":{"line":111,"column":46}},{"start":{"line":112,"column":8},"end":{"line":132,"column":14}}],"line":111}},"s":{"0":0,"1":0,"2":0,"3":0,"4":0,"5":0,"6":0,"7":0,"8":0,"9":0,"10":0,"11":0,"12":0,"13":0,"14":0,"15":0,"16":0,"17":0,"18":0},"f":{"0":0,"1":0,"2":0,"3":0},"b":{"0":[0,0],"1":[0,0],"2":[0,0],"3":[0,0],"4":[0,0]},"hash":"7f15a2adac781c9f79280016aca0cb39525fd90c"}
,"D:\\Cmd\\BitBucket\\diploma\\packages\\bachelor-frontend\\src\\pages\\Login\\Login.jsx": {"path":"D:\\Cmd\\BitBucket\\diploma\\packages\\bachelor-frontend\\src\\pages\\Login\\Login.jsx","statementMap":{"0":{"start":{"line":11,"column":23},"end":{"line":17,"column":1}},"1":{"start":{"line":20,"column":20},"end":{"line":20,"column":63}},"2":{"start":{"line":22,"column":44},"end":{"line":26,"column":3}},"3":{"start":{"line":27,"column":42},"end":{"line":27,"column":54}},"4":{"start":{"line":28,"column":37},"end":{"line":28,"column":60}},"5":{"start":{"line":29,"column":50},"end":{"line":29,"column":79}},"6":{"start":{"line":30,"column":19},"end":{"line":30,"column":32}},"7":{"start":{"line":32,"column":2},"end":{"line":85,"column":5}},"8":{"start":{"line":33,"column":18},"end":{"line":33,"column":22}},"9":{"start":{"line":36,"column":6},"end":{"line":73,"column":7}},"10":{"start":{"line":37,"column":35},"end":{"line":37,"column":60}},"11":{"start":{"line":38,"column":28},"end":{"line":41,"column":9}},"12":{"start":{"line":43,"column":31},"end":{"line":43,"column":44}},"13":{"start":{"line":44,"column":8},"end":{"line":44,"column":66}},"14":{"start":{"line":45,"column":8},"end":{"line":67,"column":11}},"15":{"start":{"line":53,"column":10},"end":{"line":66,"column":11}},"16":{"start":{"line":54,"column":12},"end":{"line":58,"column":13}},"17":{"start":{"line":55,"column":14},"end":{"line":57,"column":16}},"18":{"start":{"line":60,"column":12},"end":{"line":60,"column":76}},"19":{"start":{"line":62,"column":30},"end":{"line":62,"column":37}},"20":{"start":{"line":63,"column":12},"end":{"line":65,"column":13}},"21":{"start":{"line":64,"column":14},"end":{"line":64,"column":45}},"22":{"start":{"line":69,"column":8},"end":{"line":72,"column":9}},"23":{"start":{"line":70,"column":10},"end":{"line":70,"column":41}},"24":{"start":{"line":71,"column":10},"end":{"line":71,"column":50}},"25":{"start":{"line":76,"column":4},"end":{"line":80,"column":9}},"26":{"start":{"line":77,"column":6},"end":{"line":79,"column":7}},"27":{"start":{"line":78,"column":8},"end":{"line":78,"column":30}},"28":{"start":{"line":82,"column":4},"end":{"line":84,"column":6}},"29":{"start":{"line":83,"column":6},"end":{"line":83,"column":22}},"30":{"start":{"line":87,"column":2},"end":{"line":93,"column":3}},"31":{"start":{"line":88,"column":4},"end":{"line":90,"column":5}},"32":{"start":{"line":89,"column":6},"end":{"line":89,"column":51}},"33":{"start":{"line":92,"column":4},"end":{"line":92,"column":31}},"34":{"start":{"line":96,"column":4},"end":{"line":96,"column":45}},"35":{"start":{"line":98,"column":4},"end":{"line":120,"column":9}},"36":{"start":{"line":102,"column":8},"end":{"line":106,"column":9}},"37":{"start":{"line":103,"column":10},"end":{"line":105,"column":12}},"38":{"start":{"line":108,"column":8},"end":{"line":108,"column":31}},"39":{"start":{"line":112,"column":8},"end":{"line":112,"column":65}},"40":{"start":{"line":115,"column":8},"end":{"line":115,"column":47}},"41":{"start":{"line":118,"column":8},"end":{"line":118,"column":39}},"42":{"start":{"line":119,"column":8},"end":{"line":119,"column":48}},"43":{"start":{"line":123,"column":2},"end":{"line":245,"column":4}},"44":{"start":{"line":143,"column":10},"end":{"line":144,"column":42}},"45":{"start":{"line":144,"column":12},"end":{"line":144,"column":42}},"46":{"start":{"line":146,"column":10},"end":{"line":147,"column":43}},"47":{"start":{"line":147,"column":12},"end":{"line":147,"column":43}},"48":{"start":{"line":149,"column":10},"end":{"line":149,"column":26}},"49":{"start":{"line":172,"column":16},"end":{"line":174,"column":17}},"50":{"start":{"line":173,"column":18},"end":{"line":173,"column":81}},"51":{"start":{"line":175,"column":16},"end":{"line":189,"column":17}},"52":{"start":{"line":176,"column":18},"end":{"line":188,"column":20}},"53":{"start":{"line":190,"column":16},"end":{"line":204,"column":17}},"54":{"start":{"line":191,"column":18},"end":{"line":203,"column":20}},"55":{"start":{"line":205,"column":16},"end":{"line":219,"column":17}},"56":{"start":{"line":206,"column":18},"end":{"line":218,"column":20}},"57":{"start":{"line":220,"column":16},"end":{"line":234,"column":17}},"58":{"start":{"line":221,"column":18},"end":{"line":233,"column":20}},"59":{"start":{"line":235,"column":16},"end":{"line":237,"column":17}},"60":{"start":{"line":236,"column":18},"end":{"line":236,"column":38}},"61":{"start":{"line":238,"column":16},"end":{"line":238,"column":28}}},"fnMap":{"0":{"name":"Login","decl":{"start":{"line":19,"column":9},"end":{"line":19,"column":14}},"loc":{"start":{"line":19,"column":17},"end":{"line":246,"column":1}},"line":19},"1":{"name":"(anonymous_1)","decl":{"start":{"line":32,"column":12},"end":{"line":32,"column":13}},"loc":{"start":{"line":32,"column":18},"end":{"line":85,"column":3}},"line":32},"2":{"name":"validateLogin","decl":{"start":{"line":35,"column":19},"end":{"line":35,"column":32}},"loc":{"start":{"line":35,"column":35},"end":{"line":74,"column":5}},"line":35},"3":{"name":"(anonymous_3)","decl":{"start":{"line":52,"column":15},"end":{"line":52,"column":16}},"loc":{"start":{"line":52,"column":29},"end":{"line":67,"column":9}},"line":52},"4":{"name":"(anonymous_4)","decl":{"start":{"line":76,"column":5},"end":{"line":76,"column":6}},"loc":{"start":{"line":76,"column":17},"end":{"line":80,"column":5}},"line":76},"5":{"name":"(anonymous_5)","decl":{"start":{"line":82,"column":11},"end":{"line":82,"column":12}},"loc":{"start":{"line":82,"column":17},"end":{"line":84,"column":5}},"line":82},"6":{"name":"handleLogin","decl":{"start":{"line":95,"column":17},"end":{"line":95,"column":28}},"loc":{"start":{"line":95,"column":31},"end":{"line":121,"column":3}},"line":95},"7":{"name":"(anonymous_7)","decl":{"start":{"line":101,"column":12},"end":{"line":101,"column":13}},"loc":{"start":{"line":101,"column":26},"end":{"line":109,"column":7}},"line":101},"8":{"name":"(anonymous_8)","decl":{"start":{"line":110,"column":12},"end":{"line":110,"column":13}},"loc":{"start":{"line":110,"column":21},"end":{"line":116,"column":7}},"line":110},"9":{"name":"(anonymous_9)","decl":{"start":{"line":117,"column":13},"end":{"line":117,"column":14}},"loc":{"start":{"line":117,"column":24},"end":{"line":120,"column":7}},"line":117},"10":{"name":"(anonymous_10)","decl":{"start":{"line":142,"column":10},"end":{"line":142,"column":11}},"loc":{"start":{"line":142,"column":16},"end":{"line":150,"column":9}},"line":142},"11":{"name":"(anonymous_11)","decl":{"start":{"line":171,"column":16},"end":{"line":171,"column":17}},"loc":{"start":{"line":171,"column":22},"end":{"line":239,"column":15}},"line":171}},"branchMap":{"0":{"loc":{"start":{"line":23,"column":4},"end":{"line":25,"column":31}},"type":"cond-expr","locations":[{"start":{"line":24,"column":8},"end":{"line":24,"column":32}},{"start":{"line":25,"column":8},"end":{"line":25,"column":31}}],"line":23},"1":{"loc":{"start":{"line":53,"column":10},"end":{"line":66,"column":11}},"type":"if","locations":[{"start":{"line":53,"column":10},"end":{"line":66,"column":11}},{"start":{"line":53,"column":10},"end":{"line":66,"column":11}}],"line":53},"2":{"loc":{"start":{"line":54,"column":12},"end":{"line":58,"column":13}},"type":"if","locations":[{"start":{"line":54,"column":12},"end":{"line":58,"column":13}},{"start":{"line":54,"column":12},"end":{"line":58,"column":13}}],"line":54},"3":{"loc":{"start":{"line":63,"column":12},"end":{"line":65,"column":13}},"type":"if","locations":[{"start":{"line":63,"column":12},"end":{"line":65,"column":13}},{"start":{"line":63,"column":12},"end":{"line":65,"column":13}}],"line":63},"4":{"loc":{"start":{"line":69,"column":8},"end":{"line":72,"column":9}},"type":"if","locations":[{"start":{"line":69,"column":8},"end":{"line":72,"column":9}},{"start":{"line":69,"column":8},"end":{"line":72,"column":9}}],"line":69},"5":{"loc":{"start":{"line":77,"column":6},"end":{"line":79,"column":7}},"type":"if","locations":[{"start":{"line":77,"column":6},"end":{"line":79,"column":7}},{"start":{"line":77,"column":6},"end":{"line":79,"column":7}}],"line":77},"6":{"loc":{"start":{"line":87,"column":2},"end":{"line":93,"column":3}},"type":"if","locations":[{"start":{"line":87,"column":2},"end":{"line":93,"column":3}},{"start":{"line":87,"column":2},"end":{"line":93,"column":3}}],"line":87},"7":{"loc":{"start":{"line":88,"column":4},"end":{"line":90,"column":5}},"type":"if","locations":[{"start":{"line":88,"column":4},"end":{"line":90,"column":5}},{"start":{"line":88,"column":4},"end":{"line":90,"column":5}}],"line":88},"8":{"loc":{"start":{"line":88,"column":8},"end":{"line":88,"column":57}},"type":"binary-expr","locations":[{"start":{"line":88,"column":8},"end":{"line":88,"column":16}},{"start":{"line":88,"column":20},"end":{"line":88,"column":34}},{"start":{"line":88,"column":38},"end":{"line":88,"column":57}}],"line":88},"9":{"loc":{"start":{"line":102,"column":8},"end":{"line":106,"column":9}},"type":"if","locations":[{"start":{"line":102,"column":8},"end":{"line":106,"column":9}},{"start":{"line":102,"column":8},"end":{"line":106,"column":9}}],"line":102},"10":{"loc":{"start":{"line":138,"column":10},"end":{"line":139,"column":52}},"type":"binary-expr","locations":[{"start":{"line":138,"column":10},"end":{"line":138,"column":50}},{"start":{"line":139,"column":10},"end":{"line":139,"column":52}}],"line":138},"11":{"loc":{"start":{"line":143,"column":10},"end":{"line":144,"column":42}},"type":"if","locations":[{"start":{"line":143,"column":10},"end":{"line":144,"column":42}},{"start":{"line":143,"column":10},"end":{"line":144,"column":42}}],"line":143},"12":{"loc":{"start":{"line":146,"column":10},"end":{"line":147,"column":43}},"type":"if","locations":[{"start":{"line":146,"column":10},"end":{"line":147,"column":43}},{"start":{"line":146,"column":10},"end":{"line":147,"column":43}}],"line":146},"13":{"loc":{"start":{"line":152,"column":7},"end":{"line":243,"column":7}},"type":"binary-expr","locations":[{"start":{"line":152,"column":8},"end":{"line":152,"column":48}},{"start":{"line":153,"column":8},"end":{"line":153,"column":47}},{"start":{"line":154,"column":8},"end":{"line":242,"column":14}}],"line":152},"14":{"loc":{"start":{"line":172,"column":16},"end":{"line":174,"column":17}},"type":"if","locations":[{"start":{"line":172,"column":16},"end":{"line":174,"column":17}},{"start":{"line":172,"column":16},"end":{"line":174,"column":17}}],"line":172},"15":{"loc":{"start":{"line":175,"column":16},"end":{"line":189,"column":17}},"type":"if","locations":[{"start":{"line":175,"column":16},"end":{"line":189,"column":17}},{"start":{"line":175,"column":16},"end":{"line":189,"column":17}}],"line":175},"16":{"loc":{"start":{"line":190,"column":16},"end":{"line":204,"column":17}},"type":"if","locations":[{"start":{"line":190,"column":16},"end":{"line":204,"column":17}},{"start":{"line":190,"column":16},"end":{"line":204,"column":17}}],"line":190},"17":{"loc":{"start":{"line":205,"column":16},"end":{"line":219,"column":17}},"type":"if","locations":[{"start":{"line":205,"column":16},"end":{"line":219,"column":17}},{"start":{"line":205,"column":16},"end":{"line":219,"column":17}}],"line":205},"18":{"loc":{"start":{"line":220,"column":16},"end":{"line":234,"column":17}},"type":"if","locations":[{"start":{"line":220,"column":16},"end":{"line":234,"column":17}},{"start":{"line":220,"column":16},"end":{"line":234,"column":17}}],"line":220},"19":{"loc":{"start":{"line":235,"column":16},"end":{"line":237,"column":17}},"type":"if","locations":[{"start":{"line":235,"column":16},"end":{"line":237,"column":17}},{"start":{"line":235,"column":16},"end":{"line":237,"column":17}}],"line":235}},"s":{"0":0,"1":0,"2":0,"3":0,"4":0,"5":0,"6":0,"7":0,"8":0,"9":0,"10":0,"11":0,"12":0,"13":0,"14":0,"15":0,"16":0,"17":0,"18":0,"19":0,"20":0,"21":0,"22":0,"23":0,"24":0,"25":0,"26":0,"27":0,"28":0,"29":0,"30":0,"31":0,"32":0,"33":0,"34":0,"35":0,"36":0,"37":0,"38":0,"39":0,"40":0,"41":0,"42":0,"43":0,"44":0,"45":0,"46":0,"47":0,"48":0,"49":0,"50":0,"51":0,"52":0,"53":0,"54":0,"55":0,"56":0,"57":0,"58":0,"59":0,"60":0,"61":0},"f":{"0":0,"1":0,"2":0,"3":0,"4":0,"5":0,"6":0,"7":0,"8":0,"9":0,"10":0,"11":0},"b":{"0":[0,0],"1":[0,0],"2":[0,0],"3":[0,0],"4":[0,0],"5":[0,0],"6":[0,0],"7":[0,0],"8":[0,0,0],"9":[0,0],"10":[0,0],"11":[0,0],"12":[0,0],"13":[0,0,0],"14":[0,0],"15":[0,0],"16":[0,0],"17":[0,0],"18":[0,0],"19":[0,0]},"hash":"9bfc27a43ecad88c96c188085b30cb21ba94a2a6"}
,"D:\\Cmd\\BitBucket\\diploma\\packages\\bachelor-frontend\\src\\pages\\Logout\\Logout.jsx": {"path":"D:\\Cmd\\BitBucket\\diploma\\packages\\bachelor-frontend\\src\\pages\\Logout\\Logout.jsx","statementMap":{"0":{"start":{"line":7,"column":38},"end":{"line":7,"column":61}},"1":{"start":{"line":9,"column":2},"end":{"line":11,"column":3}},"2":{"start":{"line":10,"column":4},"end":{"line":10,"column":31}},"3":{"start":{"line":13,"column":2},"end":{"line":30,"column":4}}},"fnMap":{"0":{"name":"Logout","decl":{"start":{"line":6,"column":9},"end":{"line":6,"column":15}},"loc":{"start":{"line":6,"column":18},"end":{"line":31,"column":1}},"line":6}},"branchMap":{"0":{"loc":{"start":{"line":9,"column":2},"end":{"line":11,"column":3}},"type":"if","locations":[{"start":{"line":9,"column":2},"end":{"line":11,"column":3}},{"start":{"line":9,"column":2},"end":{"line":11,"column":3}}],"line":9}},"s":{"0":4,"1":4,"2":3,"3":1},"f":{"0":4},"b":{"0":[3,1]},"_coverageSchema":"43e27e138ebf9cfc5966b082cf9a028302ed4184","hash":"9a76912a2c9bcd58ee430e15b5bda075b6769ca8"}
,"D:\\Cmd\\BitBucket\\diploma\\packages\\bachelor-frontend\\src\\pages\\NoMatch\\NoMatch.jsx": {"path":"D:\\Cmd\\BitBucket\\diploma\\packages\\bachelor-frontend\\src\\pages\\NoMatch\\NoMatch.jsx","statementMap":{"0":{"start":{"line":4,"column":2},"end":{"line":8,"column":4}}},"fnMap":{"0":{"name":"NoMatch","decl":{"start":{"line":3,"column":9},"end":{"line":3,"column":16}},"loc":{"start":{"line":3,"column":19},"end":{"line":9,"column":1}},"line":3}},"branchMap":{},"s":{"0":1},"f":{"0":1},"b":{},"_coverageSchema":"43e27e138ebf9cfc5966b082cf9a028302ed4184","hash":"13ef5328e5a950e4e6b9a1644ba00e5d311ba927"}
,"D:\\Cmd\\BitBucket\\diploma\\packages\\bachelor-frontend\\src\\pages\\RequestVA\\RequestVA.jsx": {"path":"D:\\Cmd\\BitBucket\\diploma\\packages\\bachelor-frontend\\src\\pages\\RequestVA\\RequestVA.jsx","statementMap":{"0":{"start":{"line":11,"column":23},"end":{"line":16,"column":1}},"1":{"start":{"line":19,"column":44},"end":{"line":23,"column":3}},"2":{"start":{"line":25,"column":21},"end":{"line":25,"column":44}},"3":{"start":{"line":27,"column":2},"end":{"line":48,"column":3}},"4":{"start":{"line":28,"column":4},"end":{"line":47,"column":6}},"5":{"start":{"line":50,"column":22},"end":{"line":94,"column":3}},"6":{"start":{"line":51,"column":17},"end":{"line":51,"column":27}},"7":{"start":{"line":54,"column":4},"end":{"line":56,"column":5}},"8":{"start":{"line":55,"column":6},"end":{"line":55,"column":47}},"9":{"start":{"line":58,"column":24},"end":{"line":61,"column":5}},"10":{"start":{"line":63,"column":27},"end":{"line":63,"column":40}},"11":{"start":{"line":64,"column":4},"end":{"line":64,"column":62}},"12":{"start":{"line":65,"column":4},"end":{"line":65,"column":63}},"13":{"start":{"line":67,"column":27},"end":{"line":71,"column":5}},"14":{"start":{"line":73,"column":4},"end":{"line":73,"column":45}},"15":{"start":{"line":75,"column":4},"end":{"line":93,"column":9}},"16":{"start":{"line":80,"column":8},"end":{"line":86,"column":9}},"17":{"start":{"line":81,"column":10},"end":{"line":85,"column":12}},"18":{"start":{"line":88,"column":8},"end":{"line":88,"column":61}},"19":{"start":{"line":89,"column":8},"end":{"line":89,"column":51}},"20":{"start":{"line":92,"column":8},"end":{"line":92,"column":48}},"21":{"start":{"line":96,"column":2},"end":{"line":154,"column":4}}},"fnMap":{"0":{"name":"RequestVA","decl":{"start":{"line":18,"column":9},"end":{"line":18,"column":18}},"loc":{"start":{"line":18,"column":21},"end":{"line":155,"column":1}},"line":18},"1":{"name":"(anonymous_1)","decl":{"start":{"line":50,"column":22},"end":{"line":50,"column":23}},"loc":{"start":{"line":50,"column":28},"end":{"line":94,"column":3}},"line":50},"2":{"name":"(anonymous_2)","decl":{"start":{"line":79,"column":12},"end":{"line":79,"column":13}},"loc":{"start":{"line":79,"column":26},"end":{"line":90,"column":7}},"line":79},"3":{"name":"(anonymous_3)","decl":{"start":{"line":91,"column":13},"end":{"line":91,"column":14}},"loc":{"start":{"line":91,"column":19},"end":{"line":93,"column":7}},"line":91}},"branchMap":{"0":{"loc":{"start":{"line":20,"column":4},"end":{"line":22,"column":31}},"type":"cond-expr","locations":[{"start":{"line":21,"column":8},"end":{"line":21,"column":25}},{"start":{"line":22,"column":8},"end":{"line":22,"column":31}}],"line":20},"1":{"loc":{"start":{"line":27,"column":2},"end":{"line":48,"column":3}},"type":"if","locations":[{"start":{"line":27,"column":2},"end":{"line":48,"column":3}},{"start":{"line":27,"column":2},"end":{"line":48,"column":3}}],"line":27},"2":{"loc":{"start":{"line":54,"column":4},"end":{"line":56,"column":5}},"type":"if","locations":[{"start":{"line":54,"column":4},"end":{"line":56,"column":5}},{"start":{"line":54,"column":4},"end":{"line":56,"column":5}}],"line":54},"3":{"loc":{"start":{"line":80,"column":8},"end":{"line":86,"column":9}},"type":"if","locations":[{"start":{"line":80,"column":8},"end":{"line":86,"column":9}},{"start":{"line":80,"column":8},"end":{"line":86,"column":9}}],"line":80},"4":{"loc":{"start":{"line":117,"column":9},"end":{"line":121,"column":9}},"type":"cond-expr","locations":[{"start":{"line":118,"column":10},"end":{"line":118,"column":33}},{"start":{"line":120,"column":10},"end":{"line":120,"column":29}}],"line":117},"5":{"loc":{"start":{"line":123,"column":7},"end":{"line":145,"column":7}},"type":"binary-expr","locations":[{"start":{"line":123,"column":7},"end":{"line":123,"column":46}},{"start":{"line":124,"column":8},"end":{"line":144,"column":14}}],"line":123}},"s":{"0":0,"1":0,"2":0,"3":0,"4":0,"5":0,"6":0,"7":0,"8":0,"9":0,"10":0,"11":0,"12":0,"13":0,"14":0,"15":0,"16":0,"17":0,"18":0,"19":0,"20":0,"21":0},"f":{"0":0,"1":0,"2":0,"3":0},"b":{"0":[0,0],"1":[0,0],"2":[0,0],"3":[0,0],"4":[0,0],"5":[0,0]},"hash":"adc762c35215312dab3e29c785427cc395a9eedf"}
}
