TN:
SF:D:\Cmd\BitBucket\diploma\packages\bachelor-frontend\src\components\Auth\Auth.jsx
FN:16,parseJwt
FN:22,(anonymous_1)
FN:30,isTokenExpired
FN:35,isTokenMissingProperties
FN:39,(anonymous_4)
FN:44,checkAuth
FN:79,Auth
FN:93,(anonymous_7)
FN:117,(anonymous_8)
FNF:9
FNH:9
FNDA:10,parseJwt
FNDA:756,(anonymous_1)
FNDA:15,isTokenExpired
FNDA:10,isTokenMissingProperties
FNDA:45,(anonymous_4)
FNDA:22,checkAuth
FNDA:17,Auth
FNDA:5,(anonymous_7)
FNDA:1,(anonymous_8)
DA:4,4
DA:6,4
DA:17,10
DA:18,10
DA:19,8
DA:23,756
DA:27,8
DA:31,15
DA:32,8
DA:36,10
DA:38,9
DA:39,45
DA:40,9
DA:45,22
DA:46,22
DA:47,22
DA:48,12
DA:51,10
DA:52,10
DA:53,0
DA:56,10
DA:57,10
DA:58,8
DA:59,2
DA:62,6
DA:63,2
DA:66,4
DA:67,0
DA:70,4
DA:72,4
DA:75,2
DA:85,17
DA:86,17
DA:89,17
DA:90,17
DA:91,17
DA:93,17
DA:94,5
DA:102,5
DA:104,5
DA:105,1
DA:106,1
DA:107,1
DA:108,1
DA:110,4
DA:113,5
DA:114,5
DA:117,17
DA:119,1
DA:120,1
DA:121,1
DA:122,1
DA:123,1
DA:124,1
DA:125,1
DA:126,1
DA:127,1
DA:130,17
DA:139,4
LF:59
LH:57
BRDA:31,0,0,7
BRDA:31,0,1,8
BRDA:31,1,0,15
BRDA:31,1,1,12
BRDA:36,2,0,1
BRDA:36,2,1,9
BRDA:47,3,0,12
BRDA:47,3,1,10
BRDA:52,4,0,0
BRDA:52,4,1,10
BRDA:58,5,0,2
BRDA:58,5,1,6
BRDA:62,6,0,2
BRDA:62,6,1,4
BRDA:66,7,0,0
BRDA:66,7,1,4
BRDA:66,8,0,4
BRDA:66,8,1,4
BRDA:83,9,0,14
BRDA:84,10,0,14
BRDA:99,11,0,4
BRDA:100,12,0,4
BRDA:101,13,0,4
BRDA:104,14,0,1
BRDA:104,14,1,4
BRF:25
BRH:23
end_of_record
TN:
SF:D:\Cmd\BitBucket\diploma\packages\bachelor-frontend\src\components\Footer\Footer.jsx
FN:5,Footer
FNF:1
FNH:0
FNDA:0,Footer
DA:6,0
LF:1
LH:0
BRF:0
BRH:0
end_of_record
TN:
SF:D:\Cmd\BitBucket\diploma\packages\bachelor-frontend\src\components\Header\Header.jsx
FN:8,Header
FN:14,(anonymous_1)
FN:18,(anonymous_2)
FNF:3
FNH:0
FNDA:0,Header
FNDA:0,(anonymous_1)
FNDA:0,(anonymous_2)
DA:9,0
DA:10,0
DA:11,0
DA:12,0
DA:14,0
DA:15,0
DA:18,0
DA:19,0
DA:20,0
DA:23,0
LF:10
LH:0
BRDA:45,0,0,0
BRDA:45,0,1,0
BRDA:54,1,0,0
BRDA:54,1,1,0
BRF:4
BRH:0
end_of_record
TN:
SF:D:\Cmd\BitBucket\diploma\packages\bachelor-frontend\src\components\Layout\Layout.jsx
FN:8,Layout
FNF:1
FNH:0
FNDA:0,Layout
DA:9,0
DA:23,0
LF:2
LH:0
BRF:0
BRH:0
end_of_record
TN:
SF:D:\Cmd\BitBucket\diploma\packages\bachelor-frontend\src\components\Page\Page.jsx
FN:4,Page
FNF:1
FNH:0
FNDA:0,Page
DA:5,0
DA:8,0
LF:2
LH:0
BRF:0
BRH:0
end_of_record
TN:
SF:D:\Cmd\BitBucket\diploma\packages\bachelor-frontend\src\components\PrivateRoute\PrivateRoute.jsx
FN:7,PrivateRoute
FN:12,(anonymous_1)
FNF:2
FNH:2
FNDA:3,PrivateRoute
FNDA:3,(anonymous_1)
DA:8,3
DA:9,3
DA:13,3
DA:25,1
DA:30,1
LF:5
LH:5
BRDA:13,0,0,1
BRDA:13,0,1,2
BRF:2
BRH:2
end_of_record
TN:
SF:D:\Cmd\BitBucket\diploma\packages\bachelor-frontend\src\components\ScrollToTop\ScrollToTop.jsx
FN:4,ScrollToTop
FN:7,(anonymous_1)
FNF:2
FNH:0
FNDA:0,ScrollToTop
FNDA:0,(anonymous_1)
DA:5,0
DA:7,0
DA:8,0
DA:11,0
LF:4
LH:0
BRF:0
BRH:0
end_of_record
TN:
SF:D:\Cmd\BitBucket\diploma\packages\bachelor-frontend\src\components\Typography\Typography.jsx
FN:5,H2
FN:17,P
FN:29,UL
FN:41,LI
FNF:4
FNH:1
FNDA:0,H2
FNDA:1,P
FNDA:0,UL
FNDA:0,LI
DA:6,0
DA:13,1
DA:18,1
DA:25,1
DA:30,0
DA:37,1
DA:42,0
DA:49,1
LF:8
LH:5
BRF:0
BRH:0
end_of_record
TN:
SF:D:\Cmd\BitBucket\diploma\packages\bachelor-frontend\src\pages\App.jsx
FN:23,App
FNF:1
FNH:0
FNDA:0,App
DA:19,0
DA:24,0
LF:2
LH:0
BRDA:19,0,0,0
BRDA:19,0,1,0
BRF:2
BRH:0
end_of_record
TN:
SF:D:\Cmd\BitBucket\diploma\packages\bachelor-frontend\src\pages\Homepage\Homepage.jsx
FN:7,Homepage
FN:28,(anonymous_1)
FNF:2
FNH:0
FNDA:0,Homepage
FNDA:0,(anonymous_1)
DA:8,0
DA:10,0
DA:29,0
DA:30,0
DA:53,0
DA:54,0
DA:74,0
DA:75,0
DA:94,0
LF:9
LH:0
BRDA:29,0,0,0
BRDA:29,0,1,0
BRDA:53,1,0,0
BRDA:53,1,1,0
BRDA:74,2,0,0
BRDA:74,2,1,0
BRF:6
BRH:0
end_of_record
TN:
SF:D:\Cmd\BitBucket\diploma\packages\bachelor-frontend\src\pages\IssueVA\IssueVA.jsx
FN:17,IssueVA
FN:52,(anonymous_1)
FN:71,(anonymous_2)
FN:83,(anonymous_3)
FNF:4
FNH:0
FNDA:0,IssueVA
FNDA:0,(anonymous_1)
FNDA:0,(anonymous_2)
FNDA:0,(anonymous_3)
DA:10,0
DA:18,0
DA:24,0
DA:26,0
DA:27,0
DA:52,0
DA:53,0
DA:55,0
DA:56,0
DA:57,0
DA:59,0
DA:65,0
DA:67,0
DA:72,0
DA:73,0
DA:80,0
DA:81,0
DA:84,0
DA:88,0
LF:19
LH:0
BRDA:19,0,0,0
BRDA:19,0,1,0
BRDA:26,1,0,0
BRDA:26,1,1,0
BRDA:72,2,0,0
BRDA:72,2,1,0
BRDA:105,3,0,0
BRDA:105,3,1,0
BRDA:111,4,0,0
BRDA:111,4,1,0
BRF:10
BRH:0
end_of_record
TN:
SF:D:\Cmd\BitBucket\diploma\packages\bachelor-frontend\src\pages\Login\Login.jsx
FN:19,Login
FN:32,(anonymous_1)
FN:35,validateLogin
FN:52,(anonymous_3)
FN:76,(anonymous_4)
FN:82,(anonymous_5)
FN:95,handleLogin
FN:101,(anonymous_7)
FN:110,(anonymous_8)
FN:117,(anonymous_9)
FN:142,(anonymous_10)
FN:171,(anonymous_11)
FNF:12
FNH:0
FNDA:0,Login
FNDA:0,(anonymous_1)
FNDA:0,validateLogin
FNDA:0,(anonymous_3)
FNDA:0,(anonymous_4)
FNDA:0,(anonymous_5)
FNDA:0,handleLogin
FNDA:0,(anonymous_7)
FNDA:0,(anonymous_8)
FNDA:0,(anonymous_9)
FNDA:0,(anonymous_10)
FNDA:0,(anonymous_11)
DA:11,0
DA:20,0
DA:22,0
DA:27,0
DA:28,0
DA:29,0
DA:30,0
DA:32,0
DA:33,0
DA:36,0
DA:37,0
DA:38,0
DA:43,0
DA:44,0
DA:45,0
DA:53,0
DA:54,0
DA:55,0
DA:60,0
DA:62,0
DA:63,0
DA:64,0
DA:69,0
DA:70,0
DA:71,0
DA:76,0
DA:77,0
DA:78,0
DA:82,0
DA:83,0
DA:87,0
DA:88,0
DA:89,0
DA:92,0
DA:96,0
DA:98,0
DA:102,0
DA:103,0
DA:108,0
DA:112,0
DA:115,0
DA:118,0
DA:119,0
DA:123,0
DA:143,0
DA:144,0
DA:146,0
DA:147,0
DA:149,0
DA:172,0
DA:173,0
DA:175,0
DA:176,0
DA:190,0
DA:191,0
DA:205,0
DA:206,0
DA:220,0
DA:221,0
DA:235,0
DA:236,0
DA:238,0
LF:62
LH:0
BRDA:23,0,0,0
BRDA:23,0,1,0
BRDA:53,1,0,0
BRDA:53,1,1,0
BRDA:54,2,0,0
BRDA:54,2,1,0
BRDA:63,3,0,0
BRDA:63,3,1,0
BRDA:69,4,0,0
BRDA:69,4,1,0
BRDA:77,5,0,0
BRDA:77,5,1,0
BRDA:87,6,0,0
BRDA:87,6,1,0
BRDA:88,7,0,0
BRDA:88,7,1,0
BRDA:88,8,0,0
BRDA:88,8,1,0
BRDA:88,8,2,0
BRDA:102,9,0,0
BRDA:102,9,1,0
BRDA:138,10,0,0
BRDA:138,10,1,0
BRDA:143,11,0,0
BRDA:143,11,1,0
BRDA:146,12,0,0
BRDA:146,12,1,0
BRDA:152,13,0,0
BRDA:152,13,1,0
BRDA:152,13,2,0
BRDA:172,14,0,0
BRDA:172,14,1,0
BRDA:175,15,0,0
BRDA:175,15,1,0
BRDA:190,16,0,0
BRDA:190,16,1,0
BRDA:205,17,0,0
BRDA:205,17,1,0
BRDA:220,18,0,0
BRDA:220,18,1,0
BRDA:235,19,0,0
BRDA:235,19,1,0
BRF:42
BRH:0
end_of_record
TN:
SF:D:\Cmd\BitBucket\diploma\packages\bachelor-frontend\src\pages\Logout\Logout.jsx
FN:6,Logout
FNF:1
FNH:1
FNDA:4,Logout
DA:7,4
DA:9,4
DA:10,3
DA:13,1
LF:4
LH:4
BRDA:9,0,0,3
BRDA:9,0,1,1
BRF:2
BRH:2
end_of_record
TN:
SF:D:\Cmd\BitBucket\diploma\packages\bachelor-frontend\src\pages\NoMatch\NoMatch.jsx
FN:3,NoMatch
FNF:1
FNH:1
FNDA:1,NoMatch
DA:4,1
LF:1
LH:1
BRF:0
BRH:0
end_of_record
TN:
SF:D:\Cmd\BitBucket\diploma\packages\bachelor-frontend\src\pages\RequestVA\RequestVA.jsx
FN:18,RequestVA
FN:50,(anonymous_1)
FN:79,(anonymous_2)
FN:91,(anonymous_3)
FNF:4
FNH:0
FNDA:0,RequestVA
FNDA:0,(anonymous_1)
FNDA:0,(anonymous_2)
FNDA:0,(anonymous_3)
DA:11,0
DA:19,0
DA:25,0
DA:27,0
DA:28,0
DA:50,0
DA:51,0
DA:54,0
DA:55,0
DA:58,0
DA:63,0
DA:64,0
DA:65,0
DA:67,0
DA:73,0
DA:75,0
DA:80,0
DA:81,0
DA:88,0
DA:89,0
DA:92,0
DA:96,0
LF:22
LH:0
BRDA:20,0,0,0
BRDA:20,0,1,0
BRDA:27,1,0,0
BRDA:27,1,1,0
BRDA:54,2,0,0
BRDA:54,2,1,0
BRDA:80,3,0,0
BRDA:80,3,1,0
BRDA:117,4,0,0
BRDA:117,4,1,0
BRDA:123,5,0,0
BRDA:123,5,1,0
BRF:12
BRH:0
end_of_record
