{"D:\\Cmd\\BitBucket\\diploma\\packages\\backend\\src\\common\\dtos\\validate-did-auth.dto.ts": {"path":"D:\\Cmd\\BitBucket\\diploma\\packages\\backend\\src\\common\\dtos\\validate-did-auth.dto.ts","statementMap":{"0":{"start":{"line":1,"column":0},"end":{"line":1,"column":56}},"1":{"start":{"line":6,"column":2},"end":{"line":6,"column":null}},"2":{"start":{"line":10,"column":2},"end":{"line":10,"column":null}},"3":{"start":{"line":13,"column":0},"end":{"line":13,"column":34}}},"fnMap":{},"branchMap":{},"s":{"0":2,"1":2,"2":2,"3":2},"f":{},"b":{}}
,"D:\\Cmd\\BitBucket\\diploma\\packages\\backend\\src\\common\\guards\\jwt.guard.ts": {"path":"D:\\Cmd\\BitBucket\\diploma\\packages\\backend\\src\\common\\guards\\jwt.guard.ts","statementMap":{"0":{"start":{"line":1,"column":0},"end":{"line":1,"column":null}},"1":{"start":{"line":9,"column":0},"end":{"line":9,"column":65}},"2":{"start":{"line":11,"column":24},"end":{"line":18,"column":null}},"3":{"start":{"line":12,"column":2},"end":{"line":18,"column":null}},"4":{"start":{"line":22,"column":21},"end":{"line":62,"column":null}},"5":{"start":{"line":23,"column":19},"end":{"line":23,"column":54}},"6":{"start":{"line":26,"column":25},"end":{"line":26,"column":60}},"7":{"start":{"line":28,"column":4},"end":{"line":31,"column":null}},"8":{"start":{"line":29,"column":6},"end":{"line":29,"column":50}},"9":{"start":{"line":30,"column":6},"end":{"line":30,"column":43}},"10":{"start":{"line":33,"column":4},"end":{"line":36,"column":null}},"11":{"start":{"line":34,"column":6},"end":{"line":34,"column":77}},"12":{"start":{"line":35,"column":6},"end":{"line":35,"column":43}},"13":{"start":{"line":39,"column":4},"end":{"line":44,"column":null}},"14":{"start":{"line":40,"column":6},"end":{"line":40,"column":74}},"15":{"start":{"line":42,"column":6},"end":{"line":42,"column":49}},"16":{"start":{"line":43,"column":6},"end":{"line":43,"column":47}},"17":{"start":{"line":46,"column":4},"end":{"line":49,"column":null}},"18":{"start":{"line":47,"column":6},"end":{"line":47,"column":42}},"19":{"start":{"line":48,"column":6},"end":{"line":48,"column":43}},"20":{"start":{"line":51,"column":4},"end":{"line":58,"column":null}},"21":{"start":{"line":56,"column":6},"end":{"line":56,"column":59}},"22":{"start":{"line":57,"column":6},"end":{"line":57,"column":63}},"23":{"start":{"line":60,"column":4},"end":{"line":60,"column":16}},"24":{"start":{"line":22,"column":13},"end":{"line":62,"column":null}},"25":{"start":{"line":22,"column":13},"end":{"line":22,"column":21}},"26":{"start":{"line":64,"column":0},"end":{"line":64,"column":24}}},"fnMap":{"0":{"name":"(anonymous_1)","decl":{"start":{"line":11,"column":24},"end":{"line":11,"column":25}},"loc":{"start":{"line":12,"column":2},"end":{"line":18,"column":null}}},"1":{"name":"(anonymous_2)","decl":{"start":{"line":22,"column":0},"end":{"line":22,"column":13}},"loc":{"start":{"line":22,"column":0},"end":{"line":62,"column":1}}},"2":{"name":"(anonymous_3)","decl":{"start":{"line":25,"column":2},"end":{"line":25,"column":13}},"loc":{"start":{"line":25,"column":39},"end":{"line":61,"column":3}}}},"branchMap":{"0":{"loc":{"start":{"line":28,"column":4},"end":{"line":31,"column":null}},"type":"if","locations":[{"start":{"line":28,"column":4},"end":{"line":31,"column":null}},{"start":{"line":28,"column":4},"end":{"line":31,"column":null}}]},"1":{"loc":{"start":{"line":28,"column":8},"end":{"line":28,"column":24}},"type":"binary-expr","locations":[{"start":{"line":28,"column":8},"end":{"line":28,"column":24}},{"start":{"line":28,"column":28},"end":{"line":28,"column":58}}]},"2":{"loc":{"start":{"line":33,"column":4},"end":{"line":36,"column":null}},"type":"if","locations":[{"start":{"line":33,"column":4},"end":{"line":36,"column":null}},{"start":{"line":33,"column":4},"end":{"line":36,"column":null}}]},"3":{"loc":{"start":{"line":46,"column":4},"end":{"line":49,"column":null}},"type":"if","locations":[{"start":{"line":46,"column":4},"end":{"line":49,"column":null}},{"start":{"line":46,"column":4},"end":{"line":49,"column":null}}]},"4":{"loc":{"start":{"line":51,"column":4},"end":{"line":58,"column":null}},"type":"if","locations":[{"start":{"line":51,"column":4},"end":{"line":58,"column":null}},{"start":{"line":51,"column":4},"end":{"line":58,"column":null}}]},"5":{"loc":{"start":{"line":52,"column":6},"end":{"line":52,"column":27}},"type":"binary-expr","locations":[{"start":{"line":52,"column":6},"end":{"line":52,"column":27}},{"start":{"line":53,"column":6},"end":{"line":53,"column":31}},{"start":{"line":54,"column":6},"end":{"line":54,"column":55}}]}},"s":{"0":3,"1":3,"2":3,"3":8,"4":3,"5":17,"6":10,"7":10,"8":1,"9":1,"10":9,"11":1,"12":1,"13":8,"14":8,"15":1,"16":1,"17":7,"18":1,"19":1,"20":5,"21":4,"22":4,"23":1,"24":3,"25":3,"26":3},"f":{"0":8,"1":17,"2":10},"b":{"0":[1,9],"1":[10,10],"2":[1,8],"3":[1,5],"4":[4,1],"5":[5,3,2]}}
,"D:\\Cmd\\BitBucket\\diploma\\packages\\backend\\src\\common\\services\\wallet.service.ts": {"path":"D:\\Cmd\\BitBucket\\diploma\\packages\\backend\\src\\common\\services\\wallet.service.ts","statementMap":{"0":{"start":{"line":1,"column":0},"end":{"line":1,"column":28}},"1":{"start":{"line":2,"column":0},"end":{"line":2,"column":65}},"2":{"start":{"line":3,"column":0},"end":{"line":3,"column":47}},"3":{"start":{"line":4,"column":0},"end":{"line":4,"column":34}},"4":{"start":{"line":5,"column":0},"end":{"line":5,"column":69}},"5":{"start":{"line":6,"column":0},"end":{"line":6,"column":49}},"6":{"start":{"line":10,"column":0},"end":{"line":10,"column":null}},"7":{"start":{"line":11,"column":2},"end":{"line":11,"column":null}},"8":{"start":{"line":12,"column":2},"end":{"line":12,"column":null}},"9":{"start":{"line":13,"column":2},"end":{"line":13,"column":null}},"10":{"start":{"line":14,"column":2},"end":{"line":14,"column":null}},"11":{"start":{"line":15,"column":2},"end":{"line":15,"column":null}},"12":{"start":{"line":19,"column":26},"end":{"line":222,"column":null}},"13":{"start":{"line":23,"column":21},"end":{"line":23,"column":27}},"14":{"start":{"line":24,"column":12},"end":{"line":24,"column":27}},"15":{"start":{"line":20,"column":19},"end":{"line":20,"column":59}},"16":{"start":{"line":33,"column":4},"end":{"line":33,"column":47}},"17":{"start":{"line":36,"column":4},"end":{"line":50,"column":null}},"18":{"start":{"line":37,"column":20},"end":{"line":39,"column":8}},"19":{"start":{"line":41,"column":20},"end":{"line":41,"column":61}},"20":{"start":{"line":43,"column":6},"end":{"line":45,"column":9}},"21":{"start":{"line":47,"column":6},"end":{"line":47,"column":70}},"22":{"start":{"line":48,"column":6},"end":{"line":48,"column":31}},"23":{"start":{"line":49,"column":6},"end":{"line":49,"column":18}},"24":{"start":{"line":52,"column":22},"end":{"line":52,"column":57}},"25":{"start":{"line":54,"column":4},"end":{"line":83,"column":null}},"26":{"start":{"line":55,"column":23},"end":{"line":58,"column":32}},"27":{"start":{"line":58,"column":23},"end":{"line":58,"column":31}},"28":{"start":{"line":60,"column":6},"end":{"line":60,"column":44}},"29":{"start":{"line":61,"column":6},"end":{"line":61,"column":22}},"30":{"start":{"line":64,"column":6},"end":{"line":64,"column":61}},"31":{"start":{"line":65,"column":6},"end":{"line":79,"column":null}},"32":{"start":{"line":67,"column":8},"end":{"line":67,"column":44}},"33":{"start":{"line":68,"column":8},"end":{"line":68,"column":47}},"34":{"start":{"line":69,"column":8},"end":{"line":69,"column":46}},"35":{"start":{"line":70,"column":8},"end":{"line":70,"column":49}},"36":{"start":{"line":71,"column":8},"end":{"line":71,"column":47}},"37":{"start":{"line":72,"column":8},"end":{"line":72,"column":66}},"38":{"start":{"line":73,"column":13},"end":{"line":79,"column":null}},"39":{"start":{"line":75,"column":8},"end":{"line":75,"column":41}},"40":{"start":{"line":78,"column":8},"end":{"line":78,"column":41}},"41":{"start":{"line":80,"column":6},"end":{"line":80,"column":38}},"42":{"start":{"line":82,"column":6},"end":{"line":82,"column":18}},"43":{"start":{"line":88,"column":24},"end":{"line":92,"column":6}},"44":{"start":{"line":95,"column":4},"end":{"line":102,"column":31}},"45":{"start":{"line":102,"column":21},"end":{"line":102,"column":29}},"46":{"start":{"line":110,"column":32},"end":{"line":121,"column":6}},"47":{"start":{"line":123,"column":20},"end":{"line":123,"column":56}},"48":{"start":{"line":126,"column":4},"end":{"line":135,"column":31}},"49":{"start":{"line":135,"column":21},"end":{"line":135,"column":29}},"50":{"start":{"line":147,"column":29},"end":{"line":150,"column":6}},"51":{"start":{"line":152,"column":32},"end":{"line":165,"column":6}},"52":{"start":{"line":167,"column":4},"end":{"line":167,"column":44}},"53":{"start":{"line":168,"column":4},"end":{"line":168,"column":41}},"54":{"start":{"line":171,"column":4},"end":{"line":182,"column":31}},"55":{"start":{"line":182,"column":21},"end":{"line":182,"column":29}},"56":{"start":{"line":189,"column":51},"end":{"line":193,"column":6}},"57":{"start":{"line":196,"column":27},"end":{"line":197,"column":null}},"58":{"start":{"line":200,"column":24},"end":{"line":202,"column":28}},"59":{"start":{"line":204,"column":4},"end":{"line":207,"column":6}},"60":{"start":{"line":215,"column":4},"end":{"line":220,"column":6}},"61":{"start":{"line":19,"column":13},"end":{"line":222,"column":null}},"62":{"start":{"line":19,"column":13},"end":{"line":19,"column":26}},"63":{"start":{"line":224,"column":0},"end":{"line":224,"column":29}}},"fnMap":{"0":{"name":"(anonymous_3)","decl":{"start":{"line":10,"column":0},"end":{"line":10,"column":5}},"loc":{"start":{"line":10,"column":21},"end":{"line":16,"column":1}}},"1":{"name":"(anonymous_4)","decl":{"start":{"line":22,"column":2},"end":{"line":22,"column":null}},"loc":{"start":{"line":24,"column":40},"end":{"line":25,"column":6}}},"2":{"name":"(anonymous_5)","decl":{"start":{"line":32,"column":2},"end":{"line":32,"column":7}},"loc":{"start":{"line":32,"column":42},"end":{"line":84,"column":3}}},"3":{"name":"(anonymous_6)","decl":{"start":{"line":58,"column":14},"end":{"line":58,"column":15}},"loc":{"start":{"line":58,"column":23},"end":{"line":58,"column":31}}},"4":{"name":"(anonymous_7)","decl":{"start":{"line":86,"column":2},"end":{"line":86,"column":7}},"loc":{"start":{"line":86,"column":63},"end":{"line":103,"column":3}}},"5":{"name":"(anonymous_8)","decl":{"start":{"line":102,"column":12},"end":{"line":102,"column":13}},"loc":{"start":{"line":102,"column":21},"end":{"line":102,"column":29}}},"6":{"name":"(anonymous_9)","decl":{"start":{"line":105,"column":2},"end":{"line":105,"column":7}},"loc":{"start":{"line":109,"column":3},"end":{"line":136,"column":3}}},"7":{"name":"(anonymous_10)","decl":{"start":{"line":135,"column":12},"end":{"line":135,"column":13}},"loc":{"start":{"line":135,"column":21},"end":{"line":135,"column":29}}},"8":{"name":"(anonymous_11)","decl":{"start":{"line":138,"column":2},"end":{"line":138,"column":7}},"loc":{"start":{"line":146,"column":3},"end":{"line":183,"column":3}}},"9":{"name":"(anonymous_12)","decl":{"start":{"line":182,"column":12},"end":{"line":182,"column":13}},"loc":{"start":{"line":182,"column":21},"end":{"line":182,"column":29}}},"10":{"name":"(anonymous_13)","decl":{"start":{"line":185,"column":2},"end":{"line":185,"column":7}},"loc":{"start":{"line":187,"column":13},"end":{"line":208,"column":3}}},"11":{"name":"(anonymous_14)","decl":{"start":{"line":210,"column":2},"end":{"line":210,"column":7}},"loc":{"start":{"line":214,"column":3},"end":{"line":221,"column":3}}}},"branchMap":{"0":{"loc":{"start":{"line":10,"column":5},"end":{"line":10,"column":21}},"type":"binary-expr","locations":[{"start":{"line":10,"column":5},"end":{"line":10,"column":21}},{"start":{"line":10,"column":5},"end":{"line":10,"column":null}}]},"1":{"loc":{"start":{"line":65,"column":6},"end":{"line":79,"column":null}},"type":"if","locations":[{"start":{"line":65,"column":6},"end":{"line":79,"column":null}},{"start":{"line":65,"column":6},"end":{"line":79,"column":null}}]},"2":{"loc":{"start":{"line":73,"column":13},"end":{"line":79,"column":null}},"type":"if","locations":[{"start":{"line":73,"column":13},"end":{"line":79,"column":null}},{"start":{"line":73,"column":13},"end":{"line":79,"column":null}}]}},"s":{"0":5,"1":5,"2":5,"3":5,"4":5,"5":5,"6":5,"7":5,"8":5,"9":5,"10":5,"11":5,"12":5,"13":13,"14":13,"15":13,"16":2,"17":2,"18":2,"19":2,"20":2,"21":0,"22":0,"23":0,"24":2,"25":2,"26":2,"27":1,"28":1,"29":1,"30":1,"31":1,"32":1,"33":1,"34":1,"35":1,"36":1,"37":1,"38":0,"39":0,"40":0,"41":1,"42":1,"43":3,"44":3,"45":3,"46":3,"47":3,"48":3,"49":3,"50":3,"51":3,"52":3,"53":3,"54":3,"55":3,"56":3,"57":3,"58":3,"59":3,"60":2,"61":5,"62":5,"63":5},"f":{"0":5,"1":13,"2":2,"3":1,"4":3,"5":3,"6":3,"7":3,"8":3,"9":3,"10":3,"11":2},"b":{"0":[5,5],"1":[1,0],"2":[0,0]}}
,"D:\\Cmd\\BitBucket\\diploma\\packages\\backend\\src\\common\\utils\\jwt.utils.ts": {"path":"D:\\Cmd\\BitBucket\\diploma\\packages\\backend\\src\\common\\utils\\jwt.utils.ts","statementMap":{"0":{"start":{"line":1,"column":0},"end":{"line":1,"column":28}},"1":{"start":{"line":2,"column":0},"end":{"line":2,"column":34}},"2":{"start":{"line":3,"column":0},"end":{"line":3,"column":32}},"3":{"start":{"line":7,"column":2},"end":{"line":9,"column":null}},"4":{"start":{"line":8,"column":4},"end":{"line":8,"column":37}},"5":{"start":{"line":11,"column":2},"end":{"line":11,"column":27}},"6":{"start":{"line":6,"column":0},"end":{"line":6,"column":16}},"7":{"start":{"line":15,"column":2},"end":{"line":17,"column":null}},"8":{"start":{"line":16,"column":4},"end":{"line":16,"column":37}},"9":{"start":{"line":19,"column":12},"end":{"line":19,"column":30}},"10":{"start":{"line":20,"column":24},"end":{"line":20,"column":39}},"11":{"start":{"line":21,"column":2},"end":{"line":21,"column":11}},"12":{"start":{"line":14,"column":0},"end":{"line":14,"column":16}},"13":{"start":{"line":25,"column":2},"end":{"line":27,"column":null}},"14":{"start":{"line":26,"column":4},"end":{"line":26,"column":52}},"15":{"start":{"line":29,"column":2},"end":{"line":29,"column":44}},"16":{"start":{"line":24,"column":0},"end":{"line":24,"column":16}},"17":{"start":{"line":33,"column":2},"end":{"line":35,"column":null}},"18":{"start":{"line":34,"column":4},"end":{"line":34,"column":42}},"19":{"start":{"line":37,"column":16},"end":{"line":37,"column":57}},"20":{"start":{"line":39,"column":23},"end":{"line":42,"column":4}},"21":{"start":{"line":44,"column":14},"end":{"line":44,"column":50}},"22":{"start":{"line":46,"column":16},"end":{"line":52,"column":4}},"23":{"start":{"line":54,"column":2},"end":{"line":54,"column":15}},"24":{"start":{"line":32,"column":0},"end":{"line":32,"column":16}}},"fnMap":{"0":{"name":"decodeToken","decl":{"start":{"line":6,"column":16},"end":{"line":6,"column":27}},"loc":{"start":{"line":6,"column":41},"end":{"line":12,"column":1}}},"1":{"name":"decodeTokenPayload","decl":{"start":{"line":14,"column":16},"end":{"line":14,"column":34}},"loc":{"start":{"line":14,"column":48},"end":{"line":22,"column":1}}},"2":{"name":"isTokenExpired","decl":{"start":{"line":24,"column":16},"end":{"line":24,"column":30}},"loc":{"start":{"line":24,"column":53},"end":{"line":30,"column":1}}},"3":{"name":"generateSelfSignedToken","decl":{"start":{"line":32,"column":16},"end":{"line":32,"column":39}},"loc":{"start":{"line":32,"column":66},"end":{"line":55,"column":1}}}},"branchMap":{"0":{"loc":{"start":{"line":7,"column":2},"end":{"line":9,"column":null}},"type":"if","locations":[{"start":{"line":7,"column":2},"end":{"line":9,"column":null}},{"start":{"line":7,"column":2},"end":{"line":9,"column":null}}]},"1":{"loc":{"start":{"line":15,"column":2},"end":{"line":17,"column":null}},"type":"if","locations":[{"start":{"line":15,"column":2},"end":{"line":17,"column":null}},{"start":{"line":15,"column":2},"end":{"line":17,"column":null}}]},"2":{"loc":{"start":{"line":25,"column":2},"end":{"line":27,"column":null}},"type":"if","locations":[{"start":{"line":25,"column":2},"end":{"line":27,"column":null}},{"start":{"line":25,"column":2},"end":{"line":27,"column":null}}]},"3":{"loc":{"start":{"line":25,"column":6},"end":{"line":25,"column":17}},"type":"binary-expr","locations":[{"start":{"line":25,"column":6},"end":{"line":25,"column":17}},{"start":{"line":25,"column":21},"end":{"line":25,"column":36}}]},"4":{"loc":{"start":{"line":33,"column":2},"end":{"line":35,"column":null}},"type":"if","locations":[{"start":{"line":33,"column":2},"end":{"line":35,"column":null}},{"start":{"line":33,"column":2},"end":{"line":35,"column":null}}]},"5":{"loc":{"start":{"line":33,"column":6},"end":{"line":33,"column":15}},"type":"binary-expr","locations":[{"start":{"line":33,"column":6},"end":{"line":33,"column":15}},{"start":{"line":33,"column":19},"end":{"line":33,"column":23}},{"start":{"line":33,"column":27},"end":{"line":33,"column":35}}]}},"s":{"0":6,"1":6,"2":6,"3":20,"4":1,"5":19,"6":6,"7":10,"8":1,"9":9,"10":8,"11":8,"12":6,"13":11,"14":3,"15":8,"16":6,"17":6,"18":5,"19":1,"20":1,"21":1,"22":1,"23":1,"24":6},"f":{"0":20,"1":10,"2":11,"3":6},"b":{"0":[1,19],"1":[1,9],"2":[3,8],"3":[11,10],"4":[5,1],"5":[6,2,1]}}
,"D:\\Cmd\\BitBucket\\diploma\\packages\\backend\\src\\config\\configuration.ts": {"path":"D:\\Cmd\\BitBucket\\diploma\\packages\\backend\\src\\config\\configuration.ts","statementMap":{"0":{"start":{"line":1,"column":0},"end":{"line":86,"column":2}},"1":{"start":{"line":2,"column":23},"end":{"line":2,"column":34}},"2":{"start":{"line":4,"column":2},"end":{"line":6,"column":null}},"3":{"start":{"line":5,"column":4},"end":{"line":5,"column":43}},"4":{"start":{"line":8,"column":24},"end":{"line":51,"column":4}},"5":{"start":{"line":54,"column":4},"end":{"line":54,"column":72}},"6":{"start":{"line":56,"column":17},"end":{"line":59,"column":23}},"7":{"start":{"line":61,"column":17},"end":{"line":83,"column":4}},"8":{"start":{"line":85,"column":2},"end":{"line":85,"column":16}}},"fnMap":{"0":{"name":"(anonymous_0)","decl":{"start":{"line":1,"column":15},"end":{"line":1,"column":18}},"loc":{"start":{"line":1,"column":20},"end":{"line":86,"column":1}}}},"branchMap":{"0":{"loc":{"start":{"line":4,"column":2},"end":{"line":6,"column":null}},"type":"if","locations":[{"start":{"line":4,"column":2},"end":{"line":6,"column":null}},{"start":{"line":4,"column":2},"end":{"line":6,"column":null}}]},"1":{"loc":{"start":{"line":54,"column":4},"end":{"line":54,"column":30}},"type":"binary-expr","locations":[{"start":{"line":54,"column":4},"end":{"line":54,"column":30}},{"start":{"line":54,"column":34},"end":{"line":54,"column":72}}]},"2":{"loc":{"start":{"line":57,"column":6},"end":{"line":57,"column":33}},"type":"cond-expr","locations":[{"start":{"line":57,"column":6},"end":{"line":57,"column":33}},{"start":{"line":58,"column":6},"end":{"line":58,"column":15}}]},"3":{"loc":{"start":{"line":62,"column":10},"end":{"line":62,"column":30}},"type":"binary-expr","locations":[{"start":{"line":62,"column":10},"end":{"line":62,"column":30}},{"start":{"line":62,"column":34},"end":{"line":62,"column":38}}]},"4":{"loc":{"start":{"line":66,"column":6},"end":{"line":66,"column":34}},"type":"binary-expr","locations":[{"start":{"line":66,"column":6},"end":{"line":66,"column":34}},{"start":{"line":66,"column":38},"end":{"line":66,"column":78}}]},"5":{"loc":{"start":{"line":68,"column":6},"end":{"line":68,"column":33}},"type":"binary-expr","locations":[{"start":{"line":68,"column":6},"end":{"line":68,"column":33}},{"start":{"line":68,"column":37},"end":{"line":68,"column":76}}]},"6":{"loc":{"start":{"line":70,"column":6},"end":{"line":70,"column":48}},"type":"binary-expr","locations":[{"start":{"line":70,"column":6},"end":{"line":70,"column":48}},{"start":{"line":71,"column":6},"end":{"line":71,"column":60}}]},"7":{"loc":{"start":{"line":73,"column":6},"end":{"line":73,"column":50}},"type":"binary-expr","locations":[{"start":{"line":73,"column":6},"end":{"line":73,"column":50}},{"start":{"line":74,"column":6},"end":{"line":74,"column":62}}]},"8":{"loc":{"start":{"line":76,"column":6},"end":{"line":76,"column":44}},"type":"binary-expr","locations":[{"start":{"line":76,"column":6},"end":{"line":76,"column":44}},{"start":{"line":77,"column":6},"end":{"line":77,"column":56}}]},"9":{"loc":{"start":{"line":78,"column":14},"end":{"line":78,"column":35}},"type":"binary-expr","locations":[{"start":{"line":78,"column":14},"end":{"line":78,"column":35}},{"start":{"line":78,"column":39},"end":{"line":78,"column":72}}]}},"s":{"0":5,"1":13,"2":13,"3":0,"4":13,"5":13,"6":13,"7":13,"8":13},"f":{"0":13},"b":{"0":[0,13],"1":[13,0],"2":[0,13],"3":[13,0],"4":[13,13],"5":[13,13],"6":[13,13],"7":[13,13],"8":[13,13],"9":[13,0]}}
,"D:\\Cmd\\BitBucket\\diploma\\packages\\backend\\src\\modules\\bachelors\\bachelors.controller.ts": {"path":"D:\\Cmd\\BitBucket\\diploma\\packages\\backend\\src\\modules\\bachelors\\bachelors.controller.ts","statementMap":{"0":{"start":{"line":1,"column":0},"end":{"line":1,"column":null}},"1":{"start":{"line":11,"column":0},"end":{"line":11,"column":55}},"2":{"start":{"line":12,"column":0},"end":{"line":12,"column":69}},"3":{"start":{"line":13,"column":0},"end":{"line":13,"column":86}},"4":{"start":{"line":14,"column":0},"end":{"line":14,"column":69}},"5":{"start":{"line":15,"column":0},"end":{"line":15,"column":73}},"6":{"start":{"line":16,"column":0},"end":{"line":16,"column":57}},"7":{"start":{"line":19,"column":0},"end":{"line":71,"column":null}},"8":{"start":{"line":20,"column":31},"end":{"line":20,"column":49}},"9":{"start":{"line":28,"column":19},"end":{"line":29,"column":null}},"10":{"start":{"line":32,"column":4},"end":{"line":32,"column":55}},"11":{"start":{"line":41,"column":19},"end":{"line":42,"column":null}},"12":{"start":{"line":45,"column":4},"end":{"line":45,"column":55}},"13":{"start":{"line":53,"column":19},"end":{"line":53,"column":72}},"14":{"start":{"line":54,"column":4},"end":{"line":54,"column":50}},"15":{"start":{"line":59,"column":19},"end":{"line":59,"column":56}},"16":{"start":{"line":60,"column":4},"end":{"line":60,"column":50}},"17":{"start":{"line":68,"column":4},"end":{"line":68,"column":54}},"18":{"start":{"line":69,"column":4},"end":{"line":69,"column":49}},"19":{"start":{"line":24,"column":2},"end":{"line":33,"column":null}},"20":{"start":{"line":37,"column":2},"end":{"line":46,"column":null}},"21":{"start":{"line":49,"column":2},"end":{"line":55,"column":null}},"22":{"start":{"line":58,"column":2},"end":{"line":61,"column":null}},"23":{"start":{"line":64,"column":2},"end":{"line":70,"column":null}},"24":{"start":{"line":19,"column":13},"end":{"line":71,"column":null}},"25":{"start":{"line":19,"column":13},"end":{"line":19,"column":32}},"26":{"start":{"line":73,"column":0},"end":{"line":73,"column":35}}},"fnMap":{"0":{"name":"(anonymous_5)","decl":{"start":{"line":20,"column":2},"end":{"line":20,"column":31}},"loc":{"start":{"line":20,"column":65},"end":{"line":20,"column":69}}},"1":{"name":"(anonymous_6)","decl":{"start":{"line":24,"column":2},"end":{"line":24,"column":7}},"loc":{"start":{"line":26,"column":24},"end":{"line":33,"column":3}}},"2":{"name":"(anonymous_7)","decl":{"start":{"line":37,"column":2},"end":{"line":37,"column":7}},"loc":{"start":{"line":39,"column":24},"end":{"line":46,"column":3}}},"3":{"name":"(anonymous_8)","decl":{"start":{"line":49,"column":2},"end":{"line":49,"column":7}},"loc":{"start":{"line":51,"column":24},"end":{"line":55,"column":3}}},"4":{"name":"(anonymous_9)","decl":{"start":{"line":58,"column":2},"end":{"line":58,"column":7}},"loc":{"start":{"line":58,"column":36},"end":{"line":61,"column":3}}},"5":{"name":"(anonymous_10)","decl":{"start":{"line":64,"column":2},"end":{"line":64,"column":7}},"loc":{"start":{"line":66,"column":24},"end":{"line":70,"column":3}}}},"branchMap":{},"s":{"0":1,"1":1,"2":1,"3":1,"4":1,"5":1,"6":1,"7":1,"8":5,"9":1,"10":1,"11":1,"12":1,"13":1,"14":1,"15":1,"16":1,"17":1,"18":1,"19":1,"20":1,"21":1,"22":1,"23":1,"24":1,"25":1,"26":1},"f":{"0":5,"1":1,"2":1,"3":1,"4":1,"5":1},"b":{}}
,"D:\\Cmd\\BitBucket\\diploma\\packages\\backend\\src\\modules\\bachelors\\bachelors.service.ts": {"path":"D:\\Cmd\\BitBucket\\diploma\\packages\\backend\\src\\modules\\bachelors\\bachelors.service.ts","statementMap":{"0":{"start":{"line":1,"column":0},"end":{"line":1,"column":null}},"1":{"start":{"line":8,"column":0},"end":{"line":8,"column":47}},"2":{"start":{"line":9,"column":0},"end":{"line":9,"column":69}},"3":{"start":{"line":10,"column":0},"end":{"line":10,"column":66}},"4":{"start":{"line":16,"column":0},"end":{"line":16,"column":null}},"5":{"start":{"line":22,"column":29},"end":{"line":211,"column":null}},"6":{"start":{"line":26,"column":12},"end":{"line":26,"column":27}},"7":{"start":{"line":27,"column":12},"end":{"line":27,"column":27}},"8":{"start":{"line":28,"column":21},"end":{"line":28,"column":27}},"9":{"start":{"line":23,"column":19},"end":{"line":23,"column":62}},"10":{"start":{"line":32,"column":20},"end":{"line":32,"column":64}},"11":{"start":{"line":33,"column":16},"end":{"line":33,"column":56}},"12":{"start":{"line":35,"column":4},"end":{"line":46,"column":null}},"13":{"start":{"line":36,"column":30},"end":{"line":36,"column":74}},"14":{"start":{"line":37,"column":6},"end":{"line":37,"column":29}},"15":{"start":{"line":39,"column":6},"end":{"line":45,"column":8}},"16":{"start":{"line":52,"column":4},"end":{"line":52,"column":55}},"17":{"start":{"line":55,"column":28},"end":{"line":55,"column":46}},"18":{"start":{"line":58,"column":25},"end":{"line":58,"column":56}},"19":{"start":{"line":59,"column":22},"end":{"line":59,"column":38}},"20":{"start":{"line":60,"column":31},"end":{"line":60,"column":75}},"21":{"start":{"line":64,"column":4},"end":{"line":83,"column":null}},"22":{"start":{"line":65,"column":22},"end":{"line":69,"column":8}},"23":{"start":{"line":71,"column":6},"end":{"line":71,"column":61}},"24":{"start":{"line":72,"column":6},"end":{"line":72,"column":44}},"25":{"start":{"line":73,"column":6},"end":{"line":73,"column":41}},"26":{"start":{"line":75,"column":6},"end":{"line":75,"column":27}},"27":{"start":{"line":76,"column":6},"end":{"line":82,"column":8}},"28":{"start":{"line":86,"column":4},"end":{"line":103,"column":null}},"29":{"start":{"line":87,"column":6},"end":{"line":91,"column":9}},"30":{"start":{"line":93,"column":6},"end":{"line":93,"column":69}},"31":{"start":{"line":95,"column":6},"end":{"line":95,"column":27}},"32":{"start":{"line":96,"column":6},"end":{"line":102,"column":8}},"33":{"start":{"line":107,"column":4},"end":{"line":107,"column":46}},"34":{"start":{"line":108,"column":28},"end":{"line":108,"column":46}},"35":{"start":{"line":109,"column":41},"end":{"line":109,"column":45}},"36":{"start":{"line":111,"column":4},"end":{"line":137,"column":null}},"37":{"start":{"line":112,"column":27},"end":{"line":112,"column":58}},"38":{"start":{"line":113,"column":24},"end":{"line":113,"column":40}},"39":{"start":{"line":115,"column":6},"end":{"line":125,"column":9}},"40":{"start":{"line":127,"column":6},"end":{"line":127,"column":55}},"41":{"start":{"line":129,"column":6},"end":{"line":129,"column":27}},"42":{"start":{"line":130,"column":6},"end":{"line":136,"column":8}},"43":{"start":{"line":141,"column":19},"end":{"line":141,"column":23}},"44":{"start":{"line":143,"column":4},"end":{"line":171,"column":null}},"45":{"start":{"line":144,"column":6},"end":{"line":160,"column":11}},"46":{"start":{"line":153,"column":10},"end":{"line":159,"column":null}},"47":{"start":{"line":158,"column":12},"end":{"line":158,"column":72}},"48":{"start":{"line":161,"column":6},"end":{"line":161,"column":55}},"49":{"start":{"line":163,"column":6},"end":{"line":163,"column":27}},"50":{"start":{"line":164,"column":6},"end":{"line":170,"column":8}},"51":{"start":{"line":176,"column":46},"end":{"line":176,"column":64}},"52":{"start":{"line":177,"column":28},"end":{"line":177,"column":43}},"53":{"start":{"line":179,"column":4},"end":{"line":182,"column":6}},"54":{"start":{"line":186,"column":42},"end":{"line":186,"column":46}},"55":{"start":{"line":189,"column":46},"end":{"line":189,"column":64}},"56":{"start":{"line":190,"column":28},"end":{"line":190,"column":43}},"57":{"start":{"line":192,"column":4},"end":{"line":209,"column":null}},"58":{"start":{"line":193,"column":6},"end":{"line":197,"column":9}},"59":{"start":{"line":199,"column":6},"end":{"line":199,"column":68}},"60":{"start":{"line":201,"column":6},"end":{"line":201,"column":62}},"61":{"start":{"line":202,"column":6},"end":{"line":208,"column":8}},"62":{"start":{"line":22,"column":13},"end":{"line":211,"column":null}},"63":{"start":{"line":22,"column":13},"end":{"line":22,"column":29}},"64":{"start":{"line":213,"column":0},"end":{"line":213,"column":32}}},"fnMap":{"0":{"name":"(anonymous_2)","decl":{"start":{"line":25,"column":2},"end":{"line":25,"column":null}},"loc":{"start":{"line":28,"column":38},"end":{"line":29,"column":6}}},"1":{"name":"(anonymous_3)","decl":{"start":{"line":31,"column":10},"end":{"line":31,"column":15}},"loc":{"start":{"line":31,"column":21},"end":{"line":47,"column":3}}},"2":{"name":"(anonymous_4)","decl":{"start":{"line":49,"column":2},"end":{"line":49,"column":7}},"loc":{"start":{"line":50,"column":40},"end":{"line":104,"column":3}}},"3":{"name":"(anonymous_5)","decl":{"start":{"line":106,"column":2},"end":{"line":106,"column":7}},"loc":{"start":{"line":106,"column":56},"end":{"line":138,"column":3}}},"4":{"name":"(anonymous_6)","decl":{"start":{"line":140,"column":2},"end":{"line":140,"column":7}},"loc":{"start":{"line":140,"column":56},"end":{"line":172,"column":3}}},"5":{"name":"(anonymous_7)","decl":{"start":{"line":152,"column":14},"end":{"line":152,"column":15}},"loc":{"start":{"line":152,"column":22},"end":{"line":160,"column":9}}},"6":{"name":"(anonymous_8)","decl":{"start":{"line":174,"column":2},"end":{"line":174,"column":7}},"loc":{"start":{"line":174,"column":15},"end":{"line":183,"column":3}}},"7":{"name":"(anonymous_9)","decl":{"start":{"line":185,"column":2},"end":{"line":185,"column":7}},"loc":{"start":{"line":185,"column":48},"end":{"line":210,"column":3}}}},"branchMap":{"0":{"loc":{"start":{"line":153,"column":10},"end":{"line":159,"column":null}},"type":"if","locations":[{"start":{"line":153,"column":10},"end":{"line":159,"column":null}},{"start":{"line":153,"column":10},"end":{"line":159,"column":null}}]},"1":{"loc":{"start":{"line":154,"column":12},"end":{"line":154,"column":40}},"type":"binary-expr","locations":[{"start":{"line":154,"column":12},"end":{"line":154,"column":40}},{"start":{"line":155,"column":12},"end":{"line":155,"column":45}},{"start":{"line":156,"column":12},"end":{"line":156,"column":48}}]}},"s":{"0":2,"1":2,"2":2,"3":2,"4":2,"5":2,"6":6,"7":6,"8":6,"9":6,"10":4,"11":4,"12":4,"13":4,"14":4,"15":0,"16":1,"17":1,"18":1,"19":1,"20":1,"21":1,"22":1,"23":1,"24":1,"25":1,"26":0,"27":0,"28":1,"29":1,"30":1,"31":0,"32":0,"33":1,"34":1,"35":1,"36":1,"37":1,"38":1,"39":1,"40":1,"41":0,"42":0,"43":1,"44":1,"45":1,"46":1,"47":0,"48":1,"49":0,"50":0,"51":1,"52":1,"53":1,"54":1,"55":1,"56":1,"57":1,"58":1,"59":1,"60":0,"61":0,"62":2,"63":2,"64":2},"f":{"0":6,"1":4,"2":1,"3":1,"4":1,"5":1,"6":1,"7":1},"b":{"0":[0,1],"1":[1,0,0]}}
,"D:\\Cmd\\BitBucket\\diploma\\packages\\backend\\src\\modules\\bachelors\\bachelors.utils.ts": {"path":"D:\\Cmd\\BitBucket\\diploma\\packages\\backend\\src\\modules\\bachelors\\bachelors.utils.ts","statementMap":{"0":{"start":{"line":1,"column":0},"end":{"line":1,"column":59}},"1":{"start":{"line":4,"column":0},"end":{"line":4,"column":null}},"2":{"start":{"line":9,"column":0},"end":{"line":9,"column":74}},"3":{"start":{"line":12,"column":2},"end":{"line":14,"column":null}},"4":{"start":{"line":13,"column":4},"end":{"line":13,"column":73}},"5":{"start":{"line":16,"column":20},"end":{"line":17,"column":null}},"6":{"start":{"line":20,"column":2},"end":{"line":20,"column":46}},"7":{"start":{"line":21,"column":2},"end":{"line":21,"column":37}},"8":{"start":{"line":23,"column":40},"end":{"line":36,"column":4}},"9":{"start":{"line":38,"column":2},"end":{"line":38,"column":39}},"10":{"start":{"line":11,"column":0},"end":{"line":11,"column":16}},"11":{"start":{"line":41,"column":13},"end":{"line":65,"column":2}},"12":{"start":{"line":42,"column":30},"end":{"line":42,"column":48}},"13":{"start":{"line":43,"column":27},"end":{"line":43,"column":36}},"14":{"start":{"line":45,"column":2},"end":{"line":45,"column":52}},"15":{"start":{"line":45,"column":12},"end":{"line":45,"column":52}},"16":{"start":{"line":47,"column":23},"end":{"line":47,"column":57}},"17":{"start":{"line":49,"column":2},"end":{"line":64,"column":4}}},"fnMap":{"0":{"name":"formatVerifiableAttestation","decl":{"start":{"line":11,"column":16},"end":{"line":11,"column":43}},"loc":{"start":{"line":11,"column":58},"end":{"line":39,"column":1}}},"1":{"name":"(anonymous_2)","decl":{"start":{"line":41,"column":47},"end":{"line":41,"column":48}},"loc":{"start":{"line":41,"column":65},"end":{"line":65,"column":1}}}},"branchMap":{"0":{"loc":{"start":{"line":12,"column":2},"end":{"line":14,"column":null}},"type":"if","locations":[{"start":{"line":12,"column":2},"end":{"line":14,"column":null}},{"start":{"line":12,"column":2},"end":{"line":14,"column":null}}]},"1":{"loc":{"start":{"line":12,"column":6},"end":{"line":12,"column":10}},"type":"binary-expr","locations":[{"start":{"line":12,"column":6},"end":{"line":12,"column":10}},{"start":{"line":12,"column":14},"end":{"line":12,"column":24}}]},"2":{"loc":{"start":{"line":45,"column":2},"end":{"line":45,"column":52}},"type":"if","locations":[{"start":{"line":45,"column":2},"end":{"line":45,"column":52}},{"start":{"line":45,"column":2},"end":{"line":45,"column":52}}]}},"s":{"0":2,"1":2,"2":2,"3":2,"4":0,"5":2,"6":2,"7":2,"8":2,"9":2,"10":2,"11":2,"12":1,"13":1,"14":1,"15":0,"16":1,"17":1},"f":{"0":2,"1":1},"b":{"0":[0,2],"1":[2,2],"2":[0,1]}}
,"D:\\Cmd\\BitBucket\\diploma\\packages\\backend\\src\\modules\\bachelors\\constants.ts": {"path":"D:\\Cmd\\BitBucket\\diploma\\packages\\backend\\src\\modules\\bachelors\\constants.ts","statementMap":{"0":{"start":{"line":1,"column":13},"end":{"line":1,"column":56}},"1":{"start":{"line":2,"column":13},"end":{"line":2,"column":61}},"2":{"start":{"line":3,"column":13},"end":{"line":3,"column":55}}},"fnMap":{},"branchMap":{},"s":{"0":2,"1":2,"2":2},"f":{},"b":{}}
,"D:\\Cmd\\BitBucket\\diploma\\packages\\backend\\src\\modules\\bachelors\\dtos\\create-verifiable-attestation.dto.ts": {"path":"D:\\Cmd\\BitBucket\\diploma\\packages\\backend\\src\\modules\\bachelors\\dtos\\create-verifiable-attestation.dto.ts","statementMap":{"0":{"start":{"line":1,"column":0},"end":{"line":1,"column":66}},"1":{"start":{"line":7,"column":2},"end":{"line":7,"column":null}},"2":{"start":{"line":3,"column":0},"end":{"line":3,"column":21}}},"fnMap":{},"branchMap":{},"s":{"0":1,"1":1,"2":1},"f":{},"b":{}}
,"D:\\Cmd\\BitBucket\\diploma\\packages\\backend\\src\\modules\\bachelors\\dtos\\receive-presentation.dto.ts": {"path":"D:\\Cmd\\BitBucket\\diploma\\packages\\backend\\src\\modules\\bachelors\\dtos\\receive-presentation.dto.ts","statementMap":{"0":{"start":{"line":1,"column":0},"end":{"line":1,"column":56}},"1":{"start":{"line":6,"column":2},"end":{"line":6,"column":null}},"2":{"start":{"line":3,"column":0},"end":{"line":3,"column":21}}},"fnMap":{},"branchMap":{},"s":{"0":1,"1":1,"2":1},"f":{},"b":{}}
,"D:\\Cmd\\BitBucket\\diploma\\packages\\backend\\src\\modules\\bachelors\\dtos\\request-presentation.dto.ts": {"path":"D:\\Cmd\\BitBucket\\diploma\\packages\\backend\\src\\modules\\bachelors\\dtos\\request-presentation.dto.ts","statementMap":{"0":{"start":{"line":1,"column":0},"end":{"line":1,"column":73}},"1":{"start":{"line":7,"column":2},"end":{"line":7,"column":null}},"2":{"start":{"line":12,"column":2},"end":{"line":12,"column":null}},"3":{"start":{"line":3,"column":0},"end":{"line":3,"column":21}}},"fnMap":{},"branchMap":{},"s":{"0":1,"1":1,"2":1,"3":1},"f":{},"b":{}}
,"D:\\Cmd\\BitBucket\\diploma\\packages\\backend\\src\\modules\\masters\\constants.ts": {"path":"D:\\Cmd\\BitBucket\\diploma\\packages\\backend\\src\\modules\\masters\\constants.ts","statementMap":{"0":{"start":{"line":1,"column":13},"end":{"line":1,"column":56}},"1":{"start":{"line":2,"column":13},"end":{"line":2,"column":61}},"2":{"start":{"line":3,"column":13},"end":{"line":3,"column":55}}},"fnMap":{},"branchMap":{},"s":{"0":2,"1":2,"2":2},"f":{},"b":{}}
,"D:\\Cmd\\BitBucket\\diploma\\packages\\backend\\src\\modules\\masters\\masters.controller.ts": {"path":"D:\\Cmd\\BitBucket\\diploma\\packages\\backend\\src\\modules\\masters\\masters.controller.ts","statementMap":{"0":{"start":{"line":1,"column":0},"end":{"line":1,"column":null}},"1":{"start":{"line":11,"column":0},"end":{"line":11,"column":51}},"2":{"start":{"line":12,"column":0},"end":{"line":12,"column":86}},"3":{"start":{"line":13,"column":0},"end":{"line":13,"column":69}},"4":{"start":{"line":14,"column":0},"end":{"line":14,"column":69}},"5":{"start":{"line":15,"column":0},"end":{"line":15,"column":73}},"6":{"start":{"line":16,"column":0},"end":{"line":16,"column":57}},"7":{"start":{"line":19,"column":0},"end":{"line":69,"column":null}},"8":{"start":{"line":20,"column":31},"end":{"line":20,"column":47}},"9":{"start":{"line":28,"column":19},"end":{"line":28,"column":78}},"10":{"start":{"line":30,"column":4},"end":{"line":30,"column":55}},"11":{"start":{"line":39,"column":19},"end":{"line":40,"column":null}},"12":{"start":{"line":43,"column":4},"end":{"line":43,"column":55}},"13":{"start":{"line":51,"column":19},"end":{"line":51,"column":70}},"14":{"start":{"line":52,"column":4},"end":{"line":52,"column":50}},"15":{"start":{"line":57,"column":19},"end":{"line":57,"column":54}},"16":{"start":{"line":58,"column":4},"end":{"line":58,"column":50}},"17":{"start":{"line":66,"column":4},"end":{"line":66,"column":52}},"18":{"start":{"line":67,"column":4},"end":{"line":67,"column":49}},"19":{"start":{"line":24,"column":2},"end":{"line":31,"column":null}},"20":{"start":{"line":35,"column":2},"end":{"line":44,"column":null}},"21":{"start":{"line":47,"column":2},"end":{"line":53,"column":null}},"22":{"start":{"line":56,"column":2},"end":{"line":59,"column":null}},"23":{"start":{"line":62,"column":2},"end":{"line":68,"column":null}},"24":{"start":{"line":19,"column":13},"end":{"line":69,"column":null}},"25":{"start":{"line":19,"column":13},"end":{"line":19,"column":30}},"26":{"start":{"line":71,"column":0},"end":{"line":71,"column":33}}},"fnMap":{"0":{"name":"(anonymous_5)","decl":{"start":{"line":20,"column":2},"end":{"line":20,"column":31}},"loc":{"start":{"line":20,"column":61},"end":{"line":20,"column":65}}},"1":{"name":"(anonymous_6)","decl":{"start":{"line":24,"column":2},"end":{"line":24,"column":7}},"loc":{"start":{"line":26,"column":24},"end":{"line":31,"column":3}}},"2":{"name":"(anonymous_7)","decl":{"start":{"line":35,"column":2},"end":{"line":35,"column":7}},"loc":{"start":{"line":37,"column":24},"end":{"line":44,"column":3}}},"3":{"name":"(anonymous_8)","decl":{"start":{"line":47,"column":2},"end":{"line":47,"column":7}},"loc":{"start":{"line":49,"column":24},"end":{"line":53,"column":3}}},"4":{"name":"(anonymous_9)","decl":{"start":{"line":56,"column":2},"end":{"line":56,"column":7}},"loc":{"start":{"line":56,"column":36},"end":{"line":59,"column":3}}},"5":{"name":"(anonymous_10)","decl":{"start":{"line":62,"column":2},"end":{"line":62,"column":7}},"loc":{"start":{"line":64,"column":24},"end":{"line":68,"column":3}}}},"branchMap":{},"s":{"0":1,"1":1,"2":1,"3":1,"4":1,"5":1,"6":1,"7":1,"8":5,"9":1,"10":1,"11":1,"12":1,"13":1,"14":1,"15":1,"16":1,"17":1,"18":1,"19":1,"20":1,"21":1,"22":1,"23":1,"24":1,"25":1,"26":1},"f":{"0":5,"1":1,"2":1,"3":1,"4":1,"5":1},"b":{}}
,"D:\\Cmd\\BitBucket\\diploma\\packages\\backend\\src\\modules\\masters\\masters.service.ts": {"path":"D:\\Cmd\\BitBucket\\diploma\\packages\\backend\\src\\modules\\masters\\masters.service.ts","statementMap":{"0":{"start":{"line":1,"column":0},"end":{"line":1,"column":null}},"1":{"start":{"line":8,"column":0},"end":{"line":8,"column":47}},"2":{"start":{"line":9,"column":0},"end":{"line":9,"column":69}},"3":{"start":{"line":10,"column":0},"end":{"line":10,"column":66}},"4":{"start":{"line":16,"column":0},"end":{"line":16,"column":null}},"5":{"start":{"line":22,"column":27},"end":{"line":214,"column":null}},"6":{"start":{"line":26,"column":12},"end":{"line":26,"column":27}},"7":{"start":{"line":27,"column":12},"end":{"line":27,"column":27}},"8":{"start":{"line":28,"column":21},"end":{"line":28,"column":27}},"9":{"start":{"line":23,"column":19},"end":{"line":23,"column":60}},"10":{"start":{"line":32,"column":20},"end":{"line":32,"column":62}},"11":{"start":{"line":33,"column":16},"end":{"line":33,"column":54}},"12":{"start":{"line":35,"column":4},"end":{"line":46,"column":null}},"13":{"start":{"line":36,"column":30},"end":{"line":36,"column":74}},"14":{"start":{"line":37,"column":6},"end":{"line":37,"column":29}},"15":{"start":{"line":39,"column":6},"end":{"line":45,"column":8}},"16":{"start":{"line":52,"column":4},"end":{"line":52,"column":55}},"17":{"start":{"line":55,"column":28},"end":{"line":55,"column":46}},"18":{"start":{"line":58,"column":25},"end":{"line":58,"column":56}},"19":{"start":{"line":59,"column":22},"end":{"line":59,"column":38}},"20":{"start":{"line":60,"column":31},"end":{"line":60,"column":75}},"21":{"start":{"line":64,"column":4},"end":{"line":83,"column":null}},"22":{"start":{"line":65,"column":22},"end":{"line":69,"column":8}},"23":{"start":{"line":71,"column":6},"end":{"line":71,"column":61}},"24":{"start":{"line":72,"column":6},"end":{"line":72,"column":44}},"25":{"start":{"line":73,"column":6},"end":{"line":73,"column":41}},"26":{"start":{"line":75,"column":6},"end":{"line":75,"column":27}},"27":{"start":{"line":76,"column":6},"end":{"line":82,"column":8}},"28":{"start":{"line":86,"column":4},"end":{"line":103,"column":null}},"29":{"start":{"line":87,"column":6},"end":{"line":91,"column":9}},"30":{"start":{"line":93,"column":6},"end":{"line":93,"column":67}},"31":{"start":{"line":95,"column":6},"end":{"line":95,"column":27}},"32":{"start":{"line":96,"column":6},"end":{"line":102,"column":8}},"33":{"start":{"line":107,"column":4},"end":{"line":107,"column":46}},"34":{"start":{"line":108,"column":28},"end":{"line":108,"column":46}},"35":{"start":{"line":109,"column":41},"end":{"line":109,"column":45}},"36":{"start":{"line":111,"column":4},"end":{"line":140,"column":null}},"37":{"start":{"line":112,"column":27},"end":{"line":112,"column":58}},"38":{"start":{"line":113,"column":24},"end":{"line":113,"column":40}},"39":{"start":{"line":115,"column":6},"end":{"line":128,"column":9}},"40":{"start":{"line":130,"column":6},"end":{"line":130,"column":55}},"41":{"start":{"line":132,"column":6},"end":{"line":132,"column":27}},"42":{"start":{"line":133,"column":6},"end":{"line":139,"column":8}},"43":{"start":{"line":144,"column":19},"end":{"line":144,"column":23}},"44":{"start":{"line":146,"column":4},"end":{"line":174,"column":null}},"45":{"start":{"line":147,"column":6},"end":{"line":163,"column":11}},"46":{"start":{"line":156,"column":10},"end":{"line":162,"column":null}},"47":{"start":{"line":161,"column":12},"end":{"line":161,"column":72}},"48":{"start":{"line":164,"column":6},"end":{"line":164,"column":55}},"49":{"start":{"line":166,"column":6},"end":{"line":166,"column":27}},"50":{"start":{"line":167,"column":6},"end":{"line":173,"column":8}},"51":{"start":{"line":179,"column":46},"end":{"line":179,"column":64}},"52":{"start":{"line":180,"column":28},"end":{"line":180,"column":43}},"53":{"start":{"line":182,"column":4},"end":{"line":185,"column":6}},"54":{"start":{"line":189,"column":42},"end":{"line":189,"column":46}},"55":{"start":{"line":192,"column":46},"end":{"line":192,"column":64}},"56":{"start":{"line":193,"column":28},"end":{"line":193,"column":43}},"57":{"start":{"line":195,"column":4},"end":{"line":212,"column":null}},"58":{"start":{"line":196,"column":6},"end":{"line":200,"column":9}},"59":{"start":{"line":202,"column":6},"end":{"line":202,"column":68}},"60":{"start":{"line":204,"column":6},"end":{"line":204,"column":62}},"61":{"start":{"line":205,"column":6},"end":{"line":211,"column":8}},"62":{"start":{"line":22,"column":13},"end":{"line":214,"column":null}},"63":{"start":{"line":22,"column":13},"end":{"line":22,"column":27}},"64":{"start":{"line":216,"column":0},"end":{"line":216,"column":30}}},"fnMap":{"0":{"name":"(anonymous_2)","decl":{"start":{"line":25,"column":2},"end":{"line":25,"column":null}},"loc":{"start":{"line":28,"column":38},"end":{"line":29,"column":6}}},"1":{"name":"(anonymous_3)","decl":{"start":{"line":31,"column":10},"end":{"line":31,"column":15}},"loc":{"start":{"line":31,"column":21},"end":{"line":47,"column":3}}},"2":{"name":"(anonymous_4)","decl":{"start":{"line":49,"column":2},"end":{"line":49,"column":7}},"loc":{"start":{"line":50,"column":40},"end":{"line":104,"column":3}}},"3":{"name":"(anonymous_5)","decl":{"start":{"line":106,"column":2},"end":{"line":106,"column":7}},"loc":{"start":{"line":106,"column":56},"end":{"line":141,"column":3}}},"4":{"name":"(anonymous_6)","decl":{"start":{"line":143,"column":2},"end":{"line":143,"column":7}},"loc":{"start":{"line":143,"column":56},"end":{"line":175,"column":3}}},"5":{"name":"(anonymous_7)","decl":{"start":{"line":155,"column":14},"end":{"line":155,"column":15}},"loc":{"start":{"line":155,"column":22},"end":{"line":163,"column":9}}},"6":{"name":"(anonymous_8)","decl":{"start":{"line":177,"column":2},"end":{"line":177,"column":7}},"loc":{"start":{"line":177,"column":15},"end":{"line":186,"column":3}}},"7":{"name":"(anonymous_9)","decl":{"start":{"line":188,"column":2},"end":{"line":188,"column":7}},"loc":{"start":{"line":188,"column":48},"end":{"line":213,"column":3}}}},"branchMap":{"0":{"loc":{"start":{"line":156,"column":10},"end":{"line":162,"column":null}},"type":"if","locations":[{"start":{"line":156,"column":10},"end":{"line":162,"column":null}},{"start":{"line":156,"column":10},"end":{"line":162,"column":null}}]},"1":{"loc":{"start":{"line":157,"column":12},"end":{"line":157,"column":40}},"type":"binary-expr","locations":[{"start":{"line":157,"column":12},"end":{"line":157,"column":40}},{"start":{"line":158,"column":12},"end":{"line":158,"column":45}},{"start":{"line":159,"column":12},"end":{"line":159,"column":48}}]}},"s":{"0":2,"1":2,"2":2,"3":2,"4":2,"5":2,"6":6,"7":6,"8":6,"9":6,"10":4,"11":4,"12":4,"13":4,"14":4,"15":0,"16":1,"17":1,"18":1,"19":1,"20":1,"21":1,"22":1,"23":1,"24":1,"25":1,"26":0,"27":0,"28":1,"29":1,"30":1,"31":0,"32":0,"33":1,"34":1,"35":1,"36":1,"37":1,"38":1,"39":1,"40":1,"41":0,"42":0,"43":1,"44":1,"45":1,"46":1,"47":0,"48":1,"49":0,"50":0,"51":1,"52":1,"53":1,"54":1,"55":1,"56":1,"57":1,"58":1,"59":1,"60":0,"61":0,"62":2,"63":2,"64":2},"f":{"0":6,"1":4,"2":1,"3":1,"4":1,"5":1,"6":1,"7":1},"b":{"0":[0,1],"1":[1,0,0]}}
,"D:\\Cmd\\BitBucket\\diploma\\packages\\backend\\src\\modules\\masters\\masters.utils.ts": {"path":"D:\\Cmd\\BitBucket\\diploma\\packages\\backend\\src\\modules\\masters\\masters.utils.ts","statementMap":{"0":{"start":{"line":1,"column":0},"end":{"line":1,"column":59}},"1":{"start":{"line":4,"column":0},"end":{"line":4,"column":null}},"2":{"start":{"line":9,"column":0},"end":{"line":9,"column":70}},"3":{"start":{"line":12,"column":2},"end":{"line":14,"column":null}},"4":{"start":{"line":13,"column":4},"end":{"line":13,"column":73}},"5":{"start":{"line":16,"column":20},"end":{"line":17,"column":null}},"6":{"start":{"line":20,"column":2},"end":{"line":20,"column":46}},"7":{"start":{"line":21,"column":2},"end":{"line":21,"column":37}},"8":{"start":{"line":23,"column":40},"end":{"line":36,"column":4}},"9":{"start":{"line":38,"column":2},"end":{"line":38,"column":39}},"10":{"start":{"line":11,"column":0},"end":{"line":11,"column":16}},"11":{"start":{"line":41,"column":13},"end":{"line":65,"column":2}},"12":{"start":{"line":42,"column":30},"end":{"line":42,"column":48}},"13":{"start":{"line":43,"column":27},"end":{"line":43,"column":36}},"14":{"start":{"line":45,"column":2},"end":{"line":45,"column":52}},"15":{"start":{"line":45,"column":12},"end":{"line":45,"column":52}},"16":{"start":{"line":47,"column":23},"end":{"line":47,"column":57}},"17":{"start":{"line":49,"column":2},"end":{"line":64,"column":4}}},"fnMap":{"0":{"name":"formatVerifiableAttestation","decl":{"start":{"line":11,"column":16},"end":{"line":11,"column":43}},"loc":{"start":{"line":11,"column":58},"end":{"line":39,"column":1}}},"1":{"name":"(anonymous_2)","decl":{"start":{"line":41,"column":47},"end":{"line":41,"column":48}},"loc":{"start":{"line":41,"column":65},"end":{"line":65,"column":1}}}},"branchMap":{"0":{"loc":{"start":{"line":12,"column":2},"end":{"line":14,"column":null}},"type":"if","locations":[{"start":{"line":12,"column":2},"end":{"line":14,"column":null}},{"start":{"line":12,"column":2},"end":{"line":14,"column":null}}]},"1":{"loc":{"start":{"line":12,"column":6},"end":{"line":12,"column":10}},"type":"binary-expr","locations":[{"start":{"line":12,"column":6},"end":{"line":12,"column":10}},{"start":{"line":12,"column":14},"end":{"line":12,"column":24}}]},"2":{"loc":{"start":{"line":45,"column":2},"end":{"line":45,"column":52}},"type":"if","locations":[{"start":{"line":45,"column":2},"end":{"line":45,"column":52}},{"start":{"line":45,"column":2},"end":{"line":45,"column":52}}]}},"s":{"0":2,"1":2,"2":2,"3":2,"4":0,"5":2,"6":2,"7":2,"8":2,"9":2,"10":2,"11":2,"12":1,"13":1,"14":1,"15":0,"16":1,"17":1},"f":{"0":2,"1":1},"b":{"0":[0,2],"1":[2,2],"2":[0,1]}}
,"D:\\Cmd\\BitBucket\\diploma\\packages\\backend\\src\\modules\\masters\\dtos\\create-verifiable-attestation.dto.ts": {"path":"D:\\Cmd\\BitBucket\\diploma\\packages\\backend\\src\\modules\\masters\\dtos\\create-verifiable-attestation.dto.ts","statementMap":{"0":{"start":{"line":1,"column":0},"end":{"line":1,"column":66}},"1":{"start":{"line":7,"column":2},"end":{"line":7,"column":null}},"2":{"start":{"line":3,"column":0},"end":{"line":3,"column":21}}},"fnMap":{},"branchMap":{},"s":{"0":1,"1":1,"2":1},"f":{},"b":{}}
,"D:\\Cmd\\BitBucket\\diploma\\packages\\backend\\src\\modules\\masters\\dtos\\receive-presentation.dto.ts": {"path":"D:\\Cmd\\BitBucket\\diploma\\packages\\backend\\src\\modules\\masters\\dtos\\receive-presentation.dto.ts","statementMap":{"0":{"start":{"line":1,"column":0},"end":{"line":1,"column":56}},"1":{"start":{"line":6,"column":2},"end":{"line":6,"column":null}},"2":{"start":{"line":3,"column":0},"end":{"line":3,"column":21}}},"fnMap":{},"branchMap":{},"s":{"0":1,"1":1,"2":1},"f":{},"b":{}}
,"D:\\Cmd\\BitBucket\\diploma\\packages\\backend\\src\\modules\\masters\\dtos\\request-presentation.dto.ts": {"path":"D:\\Cmd\\BitBucket\\diploma\\packages\\backend\\src\\modules\\masters\\dtos\\request-presentation.dto.ts","statementMap":{"0":{"start":{"line":1,"column":0},"end":{"line":1,"column":73}},"1":{"start":{"line":7,"column":2},"end":{"line":7,"column":null}},"2":{"start":{"line":12,"column":2},"end":{"line":12,"column":null}},"3":{"start":{"line":3,"column":0},"end":{"line":3,"column":21}}},"fnMap":{},"branchMap":{},"s":{"0":1,"1":1,"2":1,"3":1},"f":{},"b":{}}
}
