TN:
SF:src\common\dtos\validate-did-auth.dto.ts
FNF:0
FNH:0
DA:1,2
DA:6,2
DA:10,2
DA:13,2
LF:4
LH:4
BRF:0
BRH:0
end_of_record
TN:
SF:src\common\guards\jwt.guard.ts
FN:11,(anonymous_1)
FN:22,(anonymous_2)
FN:25,(anonymous_3)
FNF:3
FNH:3
FNDA:8,(anonymous_1)
FNDA:17,(anonymous_2)
FNDA:10,(anonymous_3)
DA:1,3
DA:9,3
DA:11,3
DA:12,8
DA:22,3
DA:23,17
DA:26,10
DA:28,10
DA:29,1
DA:30,1
DA:33,9
DA:34,1
DA:35,1
DA:39,8
DA:40,8
DA:42,1
DA:43,1
DA:46,7
DA:47,1
DA:48,1
DA:51,5
DA:56,4
DA:57,4
DA:60,1
DA:64,3
LF:25
LH:25
BRDA:28,0,0,1
BRDA:28,0,1,9
BRDA:28,1,0,10
BRDA:28,1,1,10
BRDA:33,2,0,1
BRDA:33,2,1,8
BRDA:46,3,0,1
BRDA:46,3,1,5
BRDA:51,4,0,4
BRDA:51,4,1,1
BRDA:52,5,0,5
BRDA:52,5,1,3
BRDA:52,5,2,2
BRF:13
BRH:13
end_of_record
TN:
SF:src\common\services\wallet.service.ts
FN:10,(anonymous_3)
FN:22,(anonymous_4)
FN:32,(anonymous_5)
FN:58,(anonymous_6)
FN:86,(anonymous_7)
FN:102,(anonymous_8)
FN:105,(anonymous_9)
FN:135,(anonymous_10)
FN:138,(anonymous_11)
FN:182,(anonymous_12)
FN:185,(anonymous_13)
FN:210,(anonymous_14)
FNF:12
FNH:12
FNDA:5,(anonymous_3)
FNDA:13,(anonymous_4)
FNDA:2,(anonymous_5)
FNDA:1,(anonymous_6)
FNDA:3,(anonymous_7)
FNDA:3,(anonymous_8)
FNDA:3,(anonymous_9)
FNDA:3,(anonymous_10)
FNDA:3,(anonymous_11)
FNDA:3,(anonymous_12)
FNDA:3,(anonymous_13)
FNDA:2,(anonymous_14)
DA:1,5
DA:2,5
DA:3,5
DA:4,5
DA:5,5
DA:6,5
DA:10,5
DA:11,5
DA:12,5
DA:13,5
DA:14,5
DA:15,5
DA:19,5
DA:20,13
DA:23,13
DA:24,13
DA:33,2
DA:36,2
DA:37,2
DA:41,2
DA:43,2
DA:47,0
DA:48,0
DA:49,0
DA:52,2
DA:54,2
DA:55,2
DA:58,1
DA:60,1
DA:61,1
DA:64,1
DA:65,1
DA:67,1
DA:68,1
DA:69,1
DA:70,1
DA:71,1
DA:72,1
DA:73,0
DA:75,0
DA:78,0
DA:80,1
DA:82,1
DA:88,3
DA:95,3
DA:102,3
DA:110,3
DA:123,3
DA:126,3
DA:135,3
DA:147,3
DA:152,3
DA:167,3
DA:168,3
DA:171,3
DA:182,3
DA:189,3
DA:196,3
DA:200,3
DA:204,3
DA:215,2
DA:224,5
LF:62
LH:56
BRDA:10,0,0,5
BRDA:10,0,1,5
BRDA:65,1,0,1
BRDA:65,1,1,0
BRDA:73,2,0,0
BRDA:73,2,1,0
BRF:6
BRH:3
end_of_record
TN:
SF:src\common\utils\jwt.utils.ts
FN:6,decodeToken
FN:14,decodeTokenPayload
FN:24,isTokenExpired
FN:32,generateSelfSignedToken
FNF:4
FNH:4
FNDA:20,decodeToken
FNDA:10,decodeTokenPayload
FNDA:11,isTokenExpired
FNDA:6,generateSelfSignedToken
DA:1,6
DA:2,6
DA:3,6
DA:6,6
DA:7,20
DA:8,1
DA:11,19
DA:14,6
DA:15,10
DA:16,1
DA:19,9
DA:20,8
DA:21,8
DA:24,6
DA:25,11
DA:26,3
DA:29,8
DA:32,6
DA:33,6
DA:34,5
DA:37,1
DA:39,1
DA:44,1
DA:46,1
DA:54,1
LF:25
LH:25
BRDA:7,0,0,1
BRDA:7,0,1,19
BRDA:15,1,0,1
BRDA:15,1,1,9
BRDA:25,2,0,3
BRDA:25,2,1,8
BRDA:25,3,0,11
BRDA:25,3,1,10
BRDA:33,4,0,5
BRDA:33,4,1,1
BRDA:33,5,0,6
BRDA:33,5,1,2
BRDA:33,5,2,1
BRF:13
BRH:13
end_of_record
TN:
SF:src\config\configuration.ts
FN:1,(anonymous_0)
FNF:1
FNH:1
FNDA:13,(anonymous_0)
DA:1,5
DA:2,13
DA:4,13
DA:5,0
DA:8,13
DA:54,13
DA:56,13
DA:61,13
DA:85,13
LF:9
LH:8
BRDA:4,0,0,0
BRDA:4,0,1,13
BRDA:54,1,0,13
BRDA:54,1,1,0
BRDA:57,2,0,0
BRDA:57,2,1,13
BRDA:62,3,0,13
BRDA:62,3,1,0
BRDA:66,4,0,13
BRDA:66,4,1,13
BRDA:68,5,0,13
BRDA:68,5,1,13
BRDA:70,6,0,13
BRDA:70,6,1,13
BRDA:73,7,0,13
BRDA:73,7,1,13
BRDA:76,8,0,13
BRDA:76,8,1,13
BRDA:78,9,0,13
BRDA:78,9,1,0
BRF:20
BRH:15
end_of_record
TN:
SF:src\modules\bachelors\bachelors.controller.ts
FN:20,(anonymous_5)
FN:24,(anonymous_6)
FN:37,(anonymous_7)
FN:49,(anonymous_8)
FN:58,(anonymous_9)
FN:64,(anonymous_10)
FNF:6
FNH:6
FNDA:5,(anonymous_5)
FNDA:1,(anonymous_6)
FNDA:1,(anonymous_7)
FNDA:1,(anonymous_8)
FNDA:1,(anonymous_9)
FNDA:1,(anonymous_10)
DA:1,1
DA:11,1
DA:12,1
DA:13,1
DA:14,1
DA:15,1
DA:16,1
DA:19,1
DA:20,5
DA:24,1
DA:28,1
DA:32,1
DA:37,1
DA:41,1
DA:45,1
DA:49,1
DA:53,1
DA:54,1
DA:58,1
DA:59,1
DA:60,1
DA:64,1
DA:68,1
DA:69,1
DA:73,1
LF:25
LH:25
BRF:0
BRH:0
end_of_record
TN:
SF:src\modules\bachelors\bachelors.service.ts
FN:25,(anonymous_2)
FN:31,(anonymous_3)
FN:49,(anonymous_4)
FN:106,(anonymous_5)
FN:140,(anonymous_6)
FN:152,(anonymous_7)
FN:174,(anonymous_8)
FN:185,(anonymous_9)
FNF:8
FNH:8
FNDA:6,(anonymous_2)
FNDA:4,(anonymous_3)
FNDA:1,(anonymous_4)
FNDA:1,(anonymous_5)
FNDA:1,(anonymous_6)
FNDA:1,(anonymous_7)
FNDA:1,(anonymous_8)
FNDA:1,(anonymous_9)
DA:1,2
DA:8,2
DA:9,2
DA:10,2
DA:16,2
DA:22,2
DA:23,6
DA:26,6
DA:27,6
DA:28,6
DA:32,4
DA:33,4
DA:35,4
DA:36,4
DA:37,4
DA:39,0
DA:52,1
DA:55,1
DA:58,1
DA:59,1
DA:60,1
DA:64,1
DA:65,1
DA:71,1
DA:72,1
DA:73,1
DA:75,0
DA:76,0
DA:86,1
DA:87,1
DA:93,1
DA:95,0
DA:96,0
DA:107,1
DA:108,1
DA:109,1
DA:111,1
DA:112,1
DA:113,1
DA:115,1
DA:127,1
DA:129,0
DA:130,0
DA:141,1
DA:143,1
DA:144,1
DA:153,1
DA:158,0
DA:161,1
DA:163,0
DA:164,0
DA:176,1
DA:177,1
DA:179,1
DA:186,1
DA:189,1
DA:190,1
DA:192,1
DA:193,1
DA:199,1
DA:201,0
DA:202,0
DA:213,2
LF:63
LH:51
BRDA:153,0,0,0
BRDA:153,0,1,1
BRDA:154,1,0,1
BRDA:154,1,1,0
BRDA:154,1,2,0
BRF:5
BRH:2
end_of_record
TN:
SF:src\modules\bachelors\bachelors.utils.ts
FN:11,formatVerifiableAttestation
FN:41,(anonymous_2)
FNF:2
FNH:2
FNDA:2,formatVerifiableAttestation
FNDA:1,(anonymous_2)
DA:1,2
DA:4,2
DA:9,2
DA:11,2
DA:12,2
DA:13,0
DA:16,2
DA:20,2
DA:21,2
DA:23,2
DA:38,2
DA:41,2
DA:42,1
DA:43,1
DA:45,1
DA:47,1
DA:49,1
LF:17
LH:16
BRDA:12,0,0,0
BRDA:12,0,1,2
BRDA:12,1,0,2
BRDA:12,1,1,2
BRDA:45,2,0,0
BRDA:45,2,1,1
BRF:6
BRH:4
end_of_record
TN:
SF:src\modules\bachelors\constants.ts
FNF:0
FNH:0
DA:1,2
DA:2,2
DA:3,2
LF:3
LH:3
BRF:0
BRH:0
end_of_record
TN:
SF:src\modules\bachelors\dtos\create-verifiable-attestation.dto.ts
FNF:0
FNH:0
DA:1,1
DA:3,1
DA:7,1
LF:3
LH:3
BRF:0
BRH:0
end_of_record
TN:
SF:src\modules\bachelors\dtos\receive-presentation.dto.ts
FNF:0
FNH:0
DA:1,1
DA:3,1
DA:6,1
LF:3
LH:3
BRF:0
BRH:0
end_of_record
TN:
SF:src\modules\bachelors\dtos\request-presentation.dto.ts
FNF:0
FNH:0
DA:1,1
DA:3,1
DA:7,1
DA:12,1
LF:4
LH:4
BRF:0
BRH:0
end_of_record
TN:
SF:src\modules\masters\constants.ts
FNF:0
FNH:0
DA:1,2
DA:2,2
DA:3,2
LF:3
LH:3
BRF:0
BRH:0
end_of_record
TN:
SF:src\modules\masters\masters.controller.ts
FN:20,(anonymous_5)
FN:24,(anonymous_6)
FN:35,(anonymous_7)
FN:47,(anonymous_8)
FN:56,(anonymous_9)
FN:62,(anonymous_10)
FNF:6
FNH:6
FNDA:5,(anonymous_5)
FNDA:1,(anonymous_6)
FNDA:1,(anonymous_7)
FNDA:1,(anonymous_8)
FNDA:1,(anonymous_9)
FNDA:1,(anonymous_10)
DA:1,1
DA:11,1
DA:12,1
DA:13,1
DA:14,1
DA:15,1
DA:16,1
DA:19,1
DA:20,5
DA:24,1
DA:28,1
DA:30,1
DA:35,1
DA:39,1
DA:43,1
DA:47,1
DA:51,1
DA:52,1
DA:56,1
DA:57,1
DA:58,1
DA:62,1
DA:66,1
DA:67,1
DA:71,1
LF:25
LH:25
BRF:0
BRH:0
end_of_record
TN:
SF:src\modules\masters\masters.service.ts
FN:25,(anonymous_2)
FN:31,(anonymous_3)
FN:49,(anonymous_4)
FN:106,(anonymous_5)
FN:143,(anonymous_6)
FN:155,(anonymous_7)
FN:177,(anonymous_8)
FN:188,(anonymous_9)
FNF:8
FNH:8
FNDA:6,(anonymous_2)
FNDA:4,(anonymous_3)
FNDA:1,(anonymous_4)
FNDA:1,(anonymous_5)
FNDA:1,(anonymous_6)
FNDA:1,(anonymous_7)
FNDA:1,(anonymous_8)
FNDA:1,(anonymous_9)
DA:1,2
DA:8,2
DA:9,2
DA:10,2
DA:16,2
DA:22,2
DA:23,6
DA:26,6
DA:27,6
DA:28,6
DA:32,4
DA:33,4
DA:35,4
DA:36,4
DA:37,4
DA:39,0
DA:52,1
DA:55,1
DA:58,1
DA:59,1
DA:60,1
DA:64,1
DA:65,1
DA:71,1
DA:72,1
DA:73,1
DA:75,0
DA:76,0
DA:86,1
DA:87,1
DA:93,1
DA:95,0
DA:96,0
DA:107,1
DA:108,1
DA:109,1
DA:111,1
DA:112,1
DA:113,1
DA:115,1
DA:130,1
DA:132,0
DA:133,0
DA:144,1
DA:146,1
DA:147,1
DA:156,1
DA:161,0
DA:164,1
DA:166,0
DA:167,0
DA:179,1
DA:180,1
DA:182,1
DA:189,1
DA:192,1
DA:193,1
DA:195,1
DA:196,1
DA:202,1
DA:204,0
DA:205,0
DA:216,2
LF:63
LH:51
BRDA:156,0,0,0
BRDA:156,0,1,1
BRDA:157,1,0,1
BRDA:157,1,1,0
BRDA:157,1,2,0
BRF:5
BRH:2
end_of_record
TN:
SF:src\modules\masters\masters.utils.ts
FN:11,formatVerifiableAttestation
FN:41,(anonymous_2)
FNF:2
FNH:2
FNDA:2,formatVerifiableAttestation
FNDA:1,(anonymous_2)
DA:1,2
DA:4,2
DA:9,2
DA:11,2
DA:12,2
DA:13,0
DA:16,2
DA:20,2
DA:21,2
DA:23,2
DA:38,2
DA:41,2
DA:42,1
DA:43,1
DA:45,1
DA:47,1
DA:49,1
LF:17
LH:16
BRDA:12,0,0,0
BRDA:12,0,1,2
BRDA:12,1,0,2
BRDA:12,1,1,2
BRDA:45,2,0,0
BRDA:45,2,1,1
BRF:6
BRH:4
end_of_record
TN:
SF:src\modules\masters\dtos\create-verifiable-attestation.dto.ts
FNF:0
FNH:0
DA:1,1
DA:3,1
DA:7,1
LF:3
LH:3
BRF:0
BRH:0
end_of_record
TN:
SF:src\modules\masters\dtos\receive-presentation.dto.ts
FNF:0
FNH:0
DA:1,1
DA:3,1
DA:6,1
LF:3
LH:3
BRF:0
BRH:0
end_of_record
TN:
SF:src\modules\masters\dtos\request-presentation.dto.ts
FNF:0
FNH:0
DA:1,1
DA:3,1
DA:7,1
DA:12,1
LF:4
LH:4
BRF:0
BRH:0
end_of_record
